<?xml version="1.0" encoding="UTF-8"?>
<coverage generated="1771897273763" clover="3.2.0">
  <project timestamp="1771897273763" name="All files">
    <metrics statements="21" coveredstatements="21" conditionals="4" coveredconditionals="4" methods="4" coveredmethods="4" elements="29" coveredelements="29" complexity="0" loc="21" ncloc="21" packages="2" files="3" classes="3"/>
    <package name="prompts">
      <metrics statements="3" coveredstatements="3" conditionals="0" coveredconditionals="0" methods="2" coveredmethods="2"/>
      <file name="generate-block.ts" path="/Users/andresb/Projects/massively-social-ebook/massively-social-ebook-replit/prompts/generate-block.ts">
        <metrics statements="2" coveredstatements="2" conditionals="0" coveredconditionals="0" methods="1" coveredmethods="1"/>
        <line num="1" count="1" type="stmt"/>
        <line num="2" count="2" type="stmt"/>
      </file>
      <file name="generate-image.ts" path="/Users/andresb/Projects/massively-social-ebook/massively-social-ebook-replit/prompts/generate-image.ts">
        <metrics statements="1" coveredstatements="1" conditionals="0" coveredconditionals="0" methods="1" coveredmethods="1"/>
        <line num="1" count="2" type="stmt"/>
      </file>
    </package>
    <package name="server">
      <metrics statements="18" coveredstatements="18" conditionals="4" coveredconditionals="4" methods="2" coveredmethods="2"/>
      <file name="ai.ts" path="/Users/andresb/Projects/massively-social-ebook/massively-social-ebook-replit/server/ai.ts">
        <metrics statements="18" coveredstatements="18" conditionals="4" coveredconditionals="4" methods="2" coveredmethods="2"/>
        <line num="8" count="1" type="stmt"/>
        <line num="11" count="1" type="stmt"/>
        <line num="24" count="2" type="stmt"/>
        <line num="26" count="2" type="stmt"/>
        <line num="51" count="2" type="stmt"/>
        <line num="60" count="2" type="cond" truecount="2" falsecount="0"/>
        <line num="61" count="1" type="stmt"/>
        <line num="64" count="1" type="stmt"/>
        <line num="68" count="2" type="stmt"/>
        <line num="70" count="2" type="stmt"/>
        <line num="80" count="2" type="stmt"/>
        <line num="82" count="2" type="cond" truecount="2" falsecount="0"/>
        <line num="83" count="1" type="stmt"/>
        <line num="86" count="1" type="stmt"/>
        <line num="87" count="1" type="stmt"/>
        <line num="90" count="1" type="stmt"/>
        <line num="93" count="1" type="stmt"/>
        <line num="96" count="1" type="stmt"/>
      </file>
    </package>
  </project>
</coverage>
