{"/Users/andresb/Projects/massively-social-ebook/massively-social-ebook-replit/client/src/App.tsx": {"path":"/Users/andresb/Projects/massively-social-ebook/massively-social-ebook-replit/client/src/App.tsx","statementMap":{"0":{"start":{"line":10,"column":2},"end":{"line":14,"column":null}},"1":{"start":{"line":19,"column":2},"end":{"line":25,"column":null}}},"fnMap":{"0":{"name":"Router","decl":{"start":{"line":9,"column":9},"end":{"line":9,"column":18}},"loc":{"start":{"line":9,"column":18},"end":{"line":16,"column":null}},"line":9},"1":{"name":"App","decl":{"start":{"line":18,"column":9},"end":{"line":18,"column":15}},"loc":{"start":{"line":18,"column":15},"end":{"line":27,"column":null}},"line":18}},"branchMap":{},"s":{"0":0,"1":0},"f":{"0":0,"1":0},"b":{},"meta":{"lastBranch":0,"lastFunction":2,"lastStatement":2,"seen":{"f:9:9:9:18":0,"s:10:2:14:Infinity":0,"f:18:9:18:15":1,"s:19:2:25:Infinity":1}}}
,"/Users/andresb/Projects/massively-social-ebook/massively-social-ebook-replit/client/src/index.css": {"path":"/Users/andresb/Projects/massively-social-ebook/massively-social-ebook-replit/client/src/index.css","statementMap":{},"fnMap":{},"branchMap":{},"s":{},"f":{},"b":{},"meta":{"lastBranch":0,"lastFunction":0,"lastStatement":0,"seen":{}}}
,"/Users/andresb/Projects/massively-social-ebook/massively-social-ebook-replit/client/src/main.tsx": {"path":"/Users/andresb/Projects/massively-social-ebook/massively-social-ebook-replit/client/src/main.tsx","statementMap":{"0":{"start":{"line":5,"column":0},"end":{"line":5,"column":null}}},"fnMap":{},"branchMap":{},"s":{"0":0},"f":{},"b":{},"meta":{"lastBranch":0,"lastFunction":0,"lastStatement":1,"seen":{"s:5:0:5:Infinity":0}}}
,"/Users/andresb/Projects/massively-social-ebook/massively-social-ebook-replit/client/src/components/DecisionPhase.tsx": {"path":"/Users/andresb/Projects/massively-social-ebook/massively-social-ebook-replit/client/src/components/DecisionPhase.tsx","statementMap":{"0":{"start":{"line":30,"column":18},"end":{"line":30,"column":null}},"1":{"start":{"line":31,"column":26},"end":{"line":31,"column":null}},"2":{"start":{"line":34,"column":21},"end":{"line":34,"column":null}},"3":{"start":{"line":35,"column":19},"end":{"line":35,"column":null}},"4":{"start":{"line":36,"column":19},"end":{"line":36,"column":null}},"5":{"start":{"line":38,"column":2},"end":{"line":38,"column":null}},"6":{"start":{"line":38,"column":14},"end":{"line":38,"column":null}},"7":{"start":{"line":43,"column":32},"end":{"line":43,"column":null}},"8":{"start":{"line":44,"column":18},"end":{"line":44,"column":null}},"9":{"start":{"line":45,"column":18},"end":{"line":45,"column":null}},"10":{"start":{"line":46,"column":18},"end":{"line":46,"column":null}},"11":{"start":{"line":48,"column":30},"end":{"line":48,"column":null}},"12":{"start":{"line":50,"column":2},"end":{"line":140,"column":null}},"13":{"start":{"line":77,"column":27},"end":{"line":77,"column":null}},"14":{"start":{"line":78,"column":31},"end":{"line":78,"column":null}},"15":{"start":{"line":79,"column":29},"end":{"line":81,"column":null}},"16":{"start":{"line":83,"column":31},"end":{"line":83,"column":null}},"17":{"start":{"line":85,"column":12},"end":{"line":124,"column":null}},"18":{"start":{"line":89,"column":31},"end":{"line":89,"column":null}}},"fnMap":{"0":{"name":"DecisionPhase","decl":{"start":{"line":18,"column":16},"end":{"line":18,"column":30}},"loc":{"start":{"line":28,"column":23},"end":{"line":142,"column":null}},"line":28},"1":{"name":"(anonymous_1)","decl":{"start":{"line":76,"column":37},"end":{"line":76,"column":38}},"loc":{"start":{"line":76,"column":49},"end":{"line":126,"column":11}},"line":76},"2":{"name":"(anonymous_2)","decl":{"start":{"line":89,"column":25},"end":{"line":89,"column":31}},"loc":{"start":{"line":89,"column":31},"end":{"line":89,"column":null}},"line":89}},"branchMap":{"0":{"loc":{"start":{"line":30,"column":18},"end":{"line":30,"column":null}},"type":"cond-expr","locations":[{"start":{"line":30,"column":40},"end":{"line":30,"column":46}},{"start":{"line":30,"column":46},"end":{"line":30,"column":null}}],"line":30},"1":{"loc":{"start":{"line":35,"column":19},"end":{"line":35,"column":null}},"type":"cond-expr","locations":[{"start":{"line":35,"column":36},"end":{"line":35,"column":85}},{"start":{"line":35,"column":85},"end":{"line":35,"column":null}}],"line":35},"2":{"loc":{"start":{"line":36,"column":19},"end":{"line":36,"column":null}},"type":"cond-expr","locations":[{"start":{"line":36,"column":36},"end":{"line":36,"column":85}},{"start":{"line":36,"column":85},"end":{"line":36,"column":null}}],"line":36},"3":{"loc":{"start":{"line":38,"column":2},"end":{"line":38,"column":null}},"type":"if","locations":[{"start":{"line":38,"column":2},"end":{"line":38,"column":null}},{"start":{},"end":{}}],"line":38},"4":{"loc":{"start":{"line":43,"column":60},"end":{"line":43,"column":null}},"type":"cond-expr","locations":[{"start":{"line":43,"column":82},"end":{"line":43,"column":98}},{"start":{"line":43,"column":98},"end":{"line":43,"column":null}}],"line":43},"5":{"loc":{"start":{"line":48,"column":30},"end":{"line":48,"column":null}},"type":"binary-expr","locations":[{"start":{"line":48,"column":30},"end":{"line":48,"column":57}},{"start":{"line":48,"column":57},"end":{"line":48,"column":null}}],"line":48},"6":{"loc":{"start":{"line":55,"column":14},"end":{"line":58,"column":null}},"type":"cond-expr","locations":[{"start":{"line":56,"column":14},"end":{"line":56,"column":null}},{"start":{"line":58,"column":14},"end":{"line":58,"column":null}}],"line":55},"7":{"loc":{"start":{"line":62,"column":10},"end":{"line":65,"column":null}},"type":"binary-expr","locations":[{"start":{"line":62,"column":10},"end":{"line":62,"column":34}},{"start":{"line":62,"column":34},"end":{"line":62,"column":null}},{"start":{"line":63,"column":10},"end":{"line":65,"column":null}}],"line":62},"8":{"loc":{"start":{"line":70,"column":8},"end":{"line":127,"column":null}},"type":"binary-expr","locations":[{"start":{"line":70,"column":8},"end":{"line":70,"column":null}},{"start":{"line":71,"column":8},"end":{"line":127,"column":null}}],"line":70},"9":{"loc":{"start":{"line":77,"column":27},"end":{"line":77,"column":null}},"type":"cond-expr","locations":[{"start":{"line":77,"column":44},"end":{"line":77,"column":54}},{"start":{"line":77,"column":54},"end":{"line":77,"column":null}}],"line":77},"10":{"loc":{"start":{"line":79,"column":29},"end":{"line":81,"column":null}},"type":"binary-expr","locations":[{"start":{"line":79,"column":29},"end":{"line":79,"column":null}},{"start":{"line":80,"column":15},"end":{"line":80,"column":33}},{"start":{"line":80,"column":33},"end":{"line":80,"column":null}},{"start":{"line":81,"column":15},"end":{"line":81,"column":33}},{"start":{"line":81,"column":33},"end":{"line":81,"column":null}}],"line":79},"11":{"loc":{"start":{"line":83,"column":31},"end":{"line":83,"column":null}},"type":"cond-expr","locations":[{"start":{"line":83,"column":48},"end":{"line":83,"column":59}},{"start":{"line":83,"column":59},"end":{"line":83,"column":null}}],"line":83},"12":{"loc":{"start":{"line":92,"column":18},"end":{"line":96,"column":null}},"type":"cond-expr","locations":[{"start":{"line":93,"column":22},"end":{"line":95,"column":null}},{"start":{"line":96,"column":22},"end":{"line":96,"column":null}}],"line":92},"13":{"loc":{"start":{"line":93,"column":22},"end":{"line":95,"column":null}},"type":"cond-expr","locations":[{"start":{"line":94,"column":24},"end":{"line":94,"column":null}},{"start":{"line":95,"column":24},"end":{"line":95,"column":null}}],"line":93},"14":{"loc":{"start":{"line":97,"column":18},"end":{"line":97,"column":null}},"type":"binary-expr","locations":[{"start":{"line":97,"column":18},"end":{"line":97,"column":32}},{"start":{"line":97,"column":32},"end":{"line":97,"column":44}},{"start":{"line":97,"column":44},"end":{"line":97,"column":null}}],"line":97},"15":{"loc":{"start":{"line":101,"column":17},"end":{"line":102,"column":null}},"type":"binary-expr","locations":[{"start":{"line":101,"column":17},"end":{"line":101,"column":null}},{"start":{"line":102,"column":18},"end":{"line":102,"column":null}}],"line":101},"16":{"loc":{"start":{"line":105,"column":63},"end":{"line":105,"column":97}},"type":"binary-expr","locations":[{"start":{"line":105,"column":63},"end":{"line":105,"column":80}},{"start":{"line":105,"column":80},"end":{"line":105,"column":97}}],"line":105},"17":{"loc":{"start":{"line":108,"column":17},"end":{"line":111,"column":null}},"type":"binary-expr","locations":[{"start":{"line":108,"column":17},"end":{"line":108,"column":null}},{"start":{"line":109,"column":18},"end":{"line":111,"column":null}}],"line":108},"18":{"loc":{"start":{"line":115,"column":17},"end":{"line":122,"column":null}},"type":"binary-expr","locations":[{"start":{"line":115,"column":17},"end":{"line":115,"column":null}},{"start":{"line":116,"column":18},"end":{"line":122,"column":null}}],"line":115},"19":{"loc":{"start":{"line":133,"column":35},"end":{"line":133,"column":85}},"type":"cond-expr","locations":[{"start":{"line":133,"column":57},"end":{"line":133,"column":73}},{"start":{"line":133,"column":73},"end":{"line":133,"column":85}}],"line":133}},"s":{"0":4,"1":4,"2":4,"3":4,"4":4,"5":4,"6":1,"7":3,"8":4,"9":4,"10":4,"11":4,"12":4,"13":2,"14":2,"15":2,"16":2,"17":2,"18":0},"f":{"0":4,"1":2,"2":0},"b":{"0":[1,3],"1":[4,0],"2":[4,0],"3":[1,3],"4":[1,2],"5":[4,1],"6":[1,2],"7":[4,2,2],"8":[4,1],"9":[1,1],"10":[2,0,0,0,0],"11":[1,1],"12":[0,2],"13":[0,0],"14":[2,0,0],"15":[2,2],"16":[2,0],"17":[2,2],"18":[2,0],"19":[1,2]},"meta":{"lastBranch":20,"lastFunction":3,"lastStatement":19,"seen":{"f:18:16:18:30":0,"s:30:18:30:Infinity":0,"b:30:40:30:46:30:46:30:Infinity":0,"s:31:26:31:Infinity":1,"s:34:21:34:Infinity":2,"s:35:19:35:Infinity":3,"b:35:36:35:85:35:85:35:Infinity":1,"s:36:19:36:Infinity":4,"b:36:36:36:85:36:85:36:Infinity":2,"b:38:2:38:Infinity:undefined:undefined:undefined:undefined":3,"s:38:2:38:Infinity":5,"s:38:14:38:Infinity":6,"s:43:32:43:Infinity":7,"b:43:82:43:98:43:98:43:Infinity":4,"s:44:18:44:Infinity":8,"s:45:18:45:Infinity":9,"s:46:18:46:Infinity":10,"s:48:30:48:Infinity":11,"b:48:30:48:57:48:57:48:Infinity":5,"s:50:2:140:Infinity":12,"b:56:14:56:Infinity:58:14:58:Infinity":6,"b:62:10:62:34:62:34:62:Infinity:63:10:65:Infinity":7,"b:70:8:70:Infinity:71:8:127:Infinity":8,"f:76:37:76:38":1,"s:77:27:77:Infinity":13,"b:77:44:77:54:77:54:77:Infinity":9,"s:78:31:78:Infinity":14,"s:79:29:81:Infinity":15,"b:79:29:79:Infinity:80:15:80:33:80:33:80:Infinity:81:15:81:33:81:33:81:Infinity":10,"s:83:31:83:Infinity":16,"b:83:48:83:59:83:59:83:Infinity":11,"s:85:12:124:Infinity":17,"f:89:25:89:31":2,"s:89:31:89:Infinity":18,"b:93:22:95:Infinity:96:22:96:Infinity":12,"b:94:24:94:Infinity:95:24:95:Infinity":13,"b:97:18:97:32:97:32:97:44:97:44:97:Infinity":14,"b:101:17:101:Infinity:102:18:102:Infinity":15,"b:105:63:105:80:105:80:105:97":16,"b:108:17:108:Infinity:109:18:111:Infinity":17,"b:115:17:115:Infinity:116:18:122:Infinity":18,"b:133:57:133:73:133:73:133:85":19}}}
,"/Users/andresb/Projects/massively-social-ebook/massively-social-ebook-replit/client/src/components/LiveChat.tsx": {"path":"/Users/andresb/Projects/massively-social-ebook/massively-social-ebook-replit/client/src/components/LiveChat.tsx","statementMap":{"0":{"start":{"line":22,"column":13},"end":{"line":22,"column":null}},"1":{"start":{"line":23,"column":2},"end":{"line":25,"column":null}},"2":{"start":{"line":23,"column":15},"end":{"line":23,"column":18}},"3":{"start":{"line":24,"column":4},"end":{"line":24,"column":null}},"4":{"start":{"line":26,"column":12},"end":{"line":26,"column":null}},"5":{"start":{"line":27,"column":2},"end":{"line":27,"column":null}},"6":{"start":{"line":31,"column":15},"end":{"line":31,"column":null}},"7":{"start":{"line":32,"column":2},"end":{"line":32,"column":null}},"8":{"start":{"line":32,"column":17},"end":{"line":32,"column":null}},"9":{"start":{"line":33,"column":2},"end":{"line":33,"column":null}},"10":{"start":{"line":33,"column":17},"end":{"line":33,"column":null}},"11":{"start":{"line":34,"column":2},"end":{"line":34,"column":null}},"12":{"start":{"line":38,"column":32},"end":{"line":38,"column":null}},"13":{"start":{"line":39,"column":8},"end":{"line":39,"column":null}},"14":{"start":{"line":40,"column":8},"end":{"line":40,"column":null}},"15":{"start":{"line":43,"column":2},"end":{"line":47,"column":null}},"16":{"start":{"line":44,"column":4},"end":{"line":46,"column":null}},"17":{"start":{"line":45,"column":6},"end":{"line":45,"column":null}},"18":{"start":{"line":50,"column":2},"end":{"line":54,"column":null}},"19":{"start":{"line":51,"column":4},"end":{"line":53,"column":null}},"20":{"start":{"line":52,"column":6},"end":{"line":52,"column":null}},"21":{"start":{"line":56,"column":23},"end":{"line":62,"column":null}},"22":{"start":{"line":57,"column":4},"end":{"line":57,"column":null}},"23":{"start":{"line":58,"column":20},"end":{"line":58,"column":null}},"24":{"start":{"line":59,"column":4},"end":{"line":59,"column":null}},"25":{"start":{"line":59,"column":18},"end":{"line":59,"column":null}},"26":{"start":{"line":60,"column":4},"end":{"line":60,"column":null}},"27":{"start":{"line":61,"column":4},"end":{"line":61,"column":null}},"28":{"start":{"line":65,"column":36},"end":{"line":65,"column":null}},"29":{"start":{"line":66,"column":8},"end":{"line":66,"column":null}},"30":{"start":{"line":68,"column":2},"end":{"line":81,"column":null}},"31":{"start":{"line":69,"column":4},"end":{"line":74,"column":null}},"32":{"start":{"line":70,"column":23},"end":{"line":70,"column":null}},"33":{"start":{"line":71,"column":6},"end":{"line":73,"column":null}},"34":{"start":{"line":72,"column":8},"end":{"line":72,"column":null}},"35":{"start":{"line":72,"column":31},"end":{"line":72,"column":39}},"36":{"start":{"line":75,"column":4},"end":{"line":80,"column":null}},"37":{"start":{"line":76,"column":6},"end":{"line":78,"column":null}},"38":{"start":{"line":77,"column":8},"end":{"line":77,"column":null}},"39":{"start":{"line":79,"column":6},"end":{"line":79,"column":null}},"40":{"start":{"line":83,"column":2},"end":{"line":220,"column":null}},"41":{"start":{"line":166,"column":33},"end":{"line":166,"column":null}},"42":{"start":{"line":167,"column":20},"end":{"line":186,"column":null}},"43":{"start":{"line":203,"column":31},"end":{"line":203,"column":null}}},"fnMap":{"0":{"name":"getUserColor","decl":{"start":{"line":21,"column":9},"end":{"line":21,"column":22}},"loc":{"start":{"line":21,"column":40},"end":{"line":28,"column":null}},"line":21},"1":{"name":"formatTime","decl":{"start":{"line":30,"column":9},"end":{"line":30,"column":20}},"loc":{"start":{"line":30,"column":47},"end":{"line":35,"column":null}},"line":30},"2":{"name":"LiveChat","decl":{"start":{"line":37,"column":16},"end":{"line":37,"column":25}},"loc":{"start":{"line":37,"column":108},"end":{"line":222,"column":null}},"line":37},"3":{"name":"(anonymous_3)","decl":{"start":{"line":43,"column":12},"end":{"line":43,"column":18}},"loc":{"start":{"line":43,"column":18},"end":{"line":47,"column":5}},"line":43},"4":{"name":"(anonymous_4)","decl":{"start":{"line":50,"column":12},"end":{"line":50,"column":18}},"loc":{"start":{"line":50,"column":18},"end":{"line":54,"column":5}},"line":50},"5":{"name":"(anonymous_5)","decl":{"start":{"line":56,"column":23},"end":{"line":56,"column":24}},"loc":{"start":{"line":56,"column":47},"end":{"line":62,"column":null}},"line":56},"6":{"name":"(anonymous_6)","decl":{"start":{"line":68,"column":12},"end":{"line":68,"column":18}},"loc":{"start":{"line":68,"column":18},"end":{"line":81,"column":5}},"line":68},"7":{"name":"(anonymous_7)","decl":{"start":{"line":72,"column":23},"end":{"line":72,"column":31}},"loc":{"start":{"line":72,"column":31},"end":{"line":72,"column":39}},"line":72},"8":{"name":"(anonymous_8)","decl":{"start":{"line":165,"column":30},"end":{"line":165,"column":31}},"loc":{"start":{"line":165,"column":39},"end":{"line":188,"column":19}},"line":165},"9":{"name":"(anonymous_9)","decl":{"start":{"line":203,"column":24},"end":{"line":203,"column":25}},"loc":{"start":{"line":203,"column":31},"end":{"line":203,"column":null}},"line":203}},"branchMap":{"0":{"loc":{"start":{"line":32,"column":2},"end":{"line":32,"column":null}},"type":"if","locations":[{"start":{"line":32,"column":2},"end":{"line":32,"column":null}},{"start":{},"end":{}}],"line":32},"1":{"loc":{"start":{"line":33,"column":2},"end":{"line":33,"column":null}},"type":"if","locations":[{"start":{"line":33,"column":2},"end":{"line":33,"column":null}},{"start":{},"end":{}}],"line":33},"2":{"loc":{"start":{"line":44,"column":4},"end":{"line":46,"column":null}},"type":"if","locations":[{"start":{"line":44,"column":4},"end":{"line":46,"column":null}},{"start":{},"end":{}}],"line":44},"3":{"loc":{"start":{"line":44,"column":8},"end":{"line":44,"column":37}},"type":"binary-expr","locations":[{"start":{"line":44,"column":8},"end":{"line":44,"column":18}},{"start":{"line":44,"column":18},"end":{"line":44,"column":37}}],"line":44},"4":{"loc":{"start":{"line":51,"column":4},"end":{"line":53,"column":null}},"type":"if","locations":[{"start":{"line":51,"column":4},"end":{"line":53,"column":null}},{"start":{},"end":{}}],"line":51},"5":{"loc":{"start":{"line":51,"column":8},"end":{"line":51,"column":36}},"type":"binary-expr","locations":[{"start":{"line":51,"column":8},"end":{"line":51,"column":18}},{"start":{"line":51,"column":18},"end":{"line":51,"column":36}}],"line":51},"6":{"loc":{"start":{"line":59,"column":4},"end":{"line":59,"column":null}},"type":"if","locations":[{"start":{"line":59,"column":4},"end":{"line":59,"column":null}},{"start":{},"end":{}}],"line":59},"7":{"loc":{"start":{"line":69,"column":4},"end":{"line":74,"column":null}},"type":"if","locations":[{"start":{"line":69,"column":4},"end":{"line":74,"column":null}},{"start":{},"end":{}}],"line":69},"8":{"loc":{"start":{"line":69,"column":8},"end":{"line":69,"column":39}},"type":"binary-expr","locations":[{"start":{"line":69,"column":8},"end":{"line":69,"column":19}},{"start":{"line":69,"column":19},"end":{"line":69,"column":39}}],"line":69},"9":{"loc":{"start":{"line":71,"column":6},"end":{"line":73,"column":null}},"type":"if","locations":[{"start":{"line":71,"column":6},"end":{"line":73,"column":null}},{"start":{},"end":{}}],"line":71},"10":{"loc":{"start":{"line":71,"column":10},"end":{"line":71,"column":69}},"type":"binary-expr","locations":[{"start":{"line":71,"column":10},"end":{"line":71,"column":44}},{"start":{"line":71,"column":44},"end":{"line":71,"column":69}}],"line":71},"11":{"loc":{"start":{"line":75,"column":4},"end":{"line":80,"column":null}},"type":"if","locations":[{"start":{"line":75,"column":4},"end":{"line":80,"column":null}},{"start":{},"end":{}}],"line":75},"12":{"loc":{"start":{"line":76,"column":6},"end":{"line":78,"column":null}},"type":"if","locations":[{"start":{"line":76,"column":6},"end":{"line":78,"column":null}},{"start":{},"end":{}}],"line":76},"13":{"loc":{"start":{"line":95,"column":16},"end":{"line":103,"column":null}},"type":"cond-expr","locations":[{"start":{"line":96,"column":16},"end":{"line":99,"column":null}},{"start":{"line":101,"column":16},"end":{"line":103,"column":null}}],"line":95},"14":{"loc":{"start":{"line":127,"column":7},"end":{"line":218,"column":null}},"type":"binary-expr","locations":[{"start":{"line":127,"column":7},"end":{"line":127,"column":null}},{"start":{"line":128,"column":8},"end":{"line":218,"column":null}}],"line":127},"15":{"loc":{"start":{"line":160,"column":17},"end":{"line":188,"column":null}},"type":"cond-expr","locations":[{"start":{"line":161,"column":18},"end":{"line":163,"column":null}},{"start":{"line":165,"column":18},"end":{"line":188,"column":null}}],"line":160},"16":{"loc":{"start":{"line":176,"column":42},"end":{"line":176,"column":100}},"type":"cond-expr","locations":[{"start":{"line":176,"column":49},"end":{"line":176,"column":73}},{"start":{"line":176,"column":73},"end":{"line":176,"column":100}}],"line":176},"17":{"loc":{"start":{"line":178,"column":27},"end":{"line":178,"column":null}},"type":"cond-expr","locations":[{"start":{"line":178,"column":34},"end":{"line":178,"column":42}},{"start":{"line":178,"column":42},"end":{"line":178,"column":null}}],"line":178}},"s":{"0":0,"1":0,"2":0,"3":0,"4":0,"5":0,"6":0,"7":0,"8":0,"9":0,"10":0,"11":0,"12":0,"13":0,"14":0,"15":0,"16":0,"17":0,"18":0,"19":0,"20":0,"21":0,"22":0,"23":0,"24":0,"25":0,"26":0,"27":0,"28":0,"29":0,"30":0,"31":0,"32":0,"33":0,"34":0,"35":0,"36":0,"37":0,"38":0,"39":0,"40":0,"41":0,"42":0,"43":0},"f":{"0":0,"1":0,"2":0,"3":0,"4":0,"5":0,"6":0,"7":0,"8":0,"9":0},"b":{"0":[0,0],"1":[0,0],"2":[0,0],"3":[0,0],"4":[0,0],"5":[0,0],"6":[0,0],"7":[0,0],"8":[0,0],"9":[0,0],"10":[0,0],"11":[0,0],"12":[0,0],"13":[0,0],"14":[0,0],"15":[0,0],"16":[0,0],"17":[0,0]},"meta":{"lastBranch":18,"lastFunction":10,"lastStatement":44,"seen":{"f:21:9:21:22":0,"s:22:13:22:Infinity":0,"s:23:2:25:Infinity":1,"s:23:15:23:18":2,"s:24:4:24:Infinity":3,"s:26:12:26:Infinity":4,"s:27:2:27:Infinity":5,"f:30:9:30:20":1,"s:31:15:31:Infinity":6,"b:32:2:32:Infinity:undefined:undefined:undefined:undefined":0,"s:32:2:32:Infinity":7,"s:32:17:32:Infinity":8,"b:33:2:33:Infinity:undefined:undefined:undefined:undefined":1,"s:33:2:33:Infinity":9,"s:33:17:33:Infinity":10,"s:34:2:34:Infinity":11,"f:37:16:37:25":2,"s:38:32:38:Infinity":12,"s:39:8:39:Infinity":13,"s:40:8:40:Infinity":14,"s:43:2:47:Infinity":15,"f:43:12:43:18":3,"b:44:4:46:Infinity:undefined:undefined:undefined:undefined":2,"s:44:4:46:Infinity":16,"b:44:8:44:18:44:18:44:37":3,"s:45:6:45:Infinity":17,"s:50:2:54:Infinity":18,"f:50:12:50:18":4,"b:51:4:53:Infinity:undefined:undefined:undefined:undefined":4,"s:51:4:53:Infinity":19,"b:51:8:51:18:51:18:51:36":5,"s:52:6:52:Infinity":20,"s:56:23:62:Infinity":21,"f:56:23:56:24":5,"s:57:4:57:Infinity":22,"s:58:20:58:Infinity":23,"b:59:4:59:Infinity:undefined:undefined:undefined:undefined":6,"s:59:4:59:Infinity":24,"s:59:18:59:Infinity":25,"s:60:4:60:Infinity":26,"s:61:4:61:Infinity":27,"s:65:36:65:Infinity":28,"s:66:8:66:Infinity":29,"s:68:2:81:Infinity":30,"f:68:12:68:18":6,"b:69:4:74:Infinity:undefined:undefined:undefined:undefined":7,"s:69:4:74:Infinity":31,"b:69:8:69:19:69:19:69:39":8,"s:70:23:70:Infinity":32,"b:71:6:73:Infinity:undefined:undefined:undefined:undefined":9,"s:71:6:73:Infinity":33,"b:71:10:71:44:71:44:71:69":10,"s:72:8:72:Infinity":34,"f:72:23:72:31":7,"s:72:31:72:39":35,"b:75:4:80:Infinity:undefined:undefined:undefined:undefined":11,"s:75:4:80:Infinity":36,"b:76:6:78:Infinity:undefined:undefined:undefined:undefined":12,"s:76:6:78:Infinity":37,"s:77:8:77:Infinity":38,"s:79:6:79:Infinity":39,"s:83:2:220:Infinity":40,"b:96:16:99:Infinity:101:16:103:Infinity":13,"b:127:7:127:Infinity:128:8:218:Infinity":14,"b:161:18:163:Infinity:165:18:188:Infinity":15,"f:165:30:165:31":8,"s:166:33:166:Infinity":41,"s:167:20:186:Infinity":42,"b:176:49:176:73:176:73:176:100":16,"b:178:34:178:42:178:42:178:Infinity":17,"f:203:24:203:25":9,"s:203:31:203:Infinity":43}}}
,"/Users/andresb/Projects/massively-social-ebook/massively-social-ebook-replit/client/src/components/Storyblock.tsx": {"path":"/Users/andresb/Projects/massively-social-ebook/massively-social-ebook-replit/client/src/components/Storyblock.tsx","statementMap":{"0":{"start":{"line":10,"column":2},"end":{"line":23,"column":null}},"1":{"start":{"line":11,"column":4},"end":{"line":21,"column":null}},"2":{"start":{"line":25,"column":2},"end":{"line":71,"column":null}}},"fnMap":{"0":{"name":"Storyblock","decl":{"start":{"line":9,"column":16},"end":{"line":9,"column":27}},"loc":{"start":{"line":9,"column":55},"end":{"line":73,"column":null}},"line":9}},"branchMap":{"0":{"loc":{"start":{"line":10,"column":2},"end":{"line":23,"column":null}},"type":"if","locations":[{"start":{"line":10,"column":2},"end":{"line":23,"column":null}},{"start":{},"end":{}}],"line":10},"1":{"loc":{"start":{"line":37,"column":11},"end":{"line":44,"column":null}},"type":"cond-expr","locations":[{"start":{"line":38,"column":13},"end":{"line":42,"column":null}},{"start":{"line":44,"column":13},"end":{"line":44,"column":null}}],"line":37},"2":{"loc":{"start":{"line":59,"column":15},"end":{"line":62,"column":null}},"type":"binary-expr","locations":[{"start":{"line":59,"column":15},"end":{"line":59,"column":null}},{"start":{"line":60,"column":16},"end":{"line":62,"column":null}}],"line":59}},"s":{"0":3,"1":1,"2":2},"f":{"0":3},"b":{"0":[1,2],"1":[2,0],"2":[3,2]},"meta":{"lastBranch":3,"lastFunction":1,"lastStatement":3,"seen":{"f:9:16:9:27":0,"b:10:2:23:Infinity:undefined:undefined:undefined:undefined":0,"s:10:2:23:Infinity":0,"s:11:4:21:Infinity":1,"s:25:2:71:Infinity":2,"b:38:13:42:Infinity:44:13:44:Infinity":1,"b:59:15:59:Infinity:60:16:62:Infinity":2}}}
,"/Users/andresb/Projects/massively-social-ebook/massively-social-ebook-replit/client/src/components/ui/accordion.tsx": {"path":"/Users/andresb/Projects/massively-social-ebook/massively-social-ebook-replit/client/src/components/ui/accordion.tsx","statementMap":{"0":{"start":{"line":7,"column":18},"end":{"line":7,"column":null}},"1":{"start":{"line":9,"column":22},"end":{"line":18,"column":null}},"2":{"start":{"line":13,"column":2},"end":{"line":17,"column":null}},"3":{"start":{"line":19,"column":0},"end":{"line":19,"column":null}},"4":{"start":{"line":21,"column":25},"end":{"line":38,"column":null}},"5":{"start":{"line":25,"column":2},"end":{"line":37,"column":null}},"6":{"start":{"line":39,"column":0},"end":{"line":39,"column":null}},"7":{"start":{"line":41,"column":25},"end":{"line":52,"column":null}},"8":{"start":{"line":45,"column":2},"end":{"line":51,"column":null}},"9":{"start":{"line":54,"column":0},"end":{"line":54,"column":null}}},"fnMap":{"0":{"name":"(anonymous_0)","decl":{"start":{"line":12,"column":2},"end":{"line":12,"column":3}},"loc":{"start":{"line":13,"column":2},"end":{"line":17,"column":null}},"line":13},"1":{"name":"(anonymous_1)","decl":{"start":{"line":24,"column":2},"end":{"line":24,"column":3}},"loc":{"start":{"line":25,"column":2},"end":{"line":37,"column":null}},"line":25},"2":{"name":"(anonymous_2)","decl":{"start":{"line":44,"column":2},"end":{"line":44,"column":3}},"loc":{"start":{"line":45,"column":2},"end":{"line":51,"column":null}},"line":45}},"branchMap":{},"s":{"0":0,"1":0,"2":0,"3":0,"4":0,"5":0,"6":0,"7":0,"8":0,"9":0},"f":{"0":0,"1":0,"2":0},"b":{},"meta":{"lastBranch":0,"lastFunction":3,"lastStatement":10,"seen":{"s:7:18:7:Infinity":0,"s:9:22:18:Infinity":1,"f:12:2:12:3":0,"s:13:2:17:Infinity":2,"s:19:0:19:Infinity":3,"s:21:25:38:Infinity":4,"f:24:2:24:3":1,"s:25:2:37:Infinity":5,"s:39:0:39:Infinity":6,"s:41:25:52:Infinity":7,"f:44:2:44:3":2,"s:45:2:51:Infinity":8,"s:54:0:54:Infinity":9}}}
,"/Users/andresb/Projects/massively-social-ebook/massively-social-ebook-replit/client/src/components/ui/alert-dialog.tsx": {"path":"/Users/andresb/Projects/massively-social-ebook/massively-social-ebook-replit/client/src/components/ui/alert-dialog.tsx","statementMap":{"0":{"start":{"line":7,"column":20},"end":{"line":7,"column":null}},"1":{"start":{"line":9,"column":27},"end":{"line":9,"column":null}},"2":{"start":{"line":11,"column":26},"end":{"line":11,"column":null}},"3":{"start":{"line":13,"column":27},"end":{"line":25,"column":null}},"4":{"start":{"line":17,"column":2},"end":{"line":24,"column":null}},"5":{"start":{"line":26,"column":0},"end":{"line":26,"column":null}},"6":{"start":{"line":28,"column":27},"end":{"line":43,"column":null}},"7":{"start":{"line":32,"column":2},"end":{"line":42,"column":null}},"8":{"start":{"line":44,"column":0},"end":{"line":44,"column":null}},"9":{"start":{"line":46,"column":26},"end":{"line":56,"column":null}},"10":{"start":{"line":50,"column":2},"end":{"line":56,"column":null}},"11":{"start":{"line":58,"column":0},"end":{"line":58,"column":null}},"12":{"start":{"line":60,"column":26},"end":{"line":70,"column":null}},"13":{"start":{"line":64,"column":2},"end":{"line":70,"column":null}},"14":{"start":{"line":72,"column":0},"end":{"line":72,"column":null}},"15":{"start":{"line":74,"column":25},"end":{"line":83,"column":null}},"16":{"start":{"line":78,"column":2},"end":{"line":82,"column":null}},"17":{"start":{"line":84,"column":0},"end":{"line":84,"column":null}},"18":{"start":{"line":86,"column":31},"end":{"line":95,"column":null}},"19":{"start":{"line":90,"column":2},"end":{"line":94,"column":null}},"20":{"start":{"line":96,"column":0},"end":{"line":97,"column":null}},"21":{"start":{"line":99,"column":26},"end":{"line":108,"column":null}},"22":{"start":{"line":103,"column":2},"end":{"line":107,"column":null}},"23":{"start":{"line":109,"column":0},"end":{"line":109,"column":null}},"24":{"start":{"line":111,"column":26},"end":{"line":124,"column":null}},"25":{"start":{"line":115,"column":2},"end":{"line":123,"column":null}},"26":{"start":{"line":125,"column":0},"end":{"line":125,"column":null}}},"fnMap":{"0":{"name":"(anonymous_0)","decl":{"start":{"line":16,"column":2},"end":{"line":16,"column":3}},"loc":{"start":{"line":17,"column":2},"end":{"line":24,"column":null}},"line":17},"1":{"name":"(anonymous_1)","decl":{"start":{"line":31,"column":2},"end":{"line":31,"column":3}},"loc":{"start":{"line":32,"column":2},"end":{"line":42,"column":null}},"line":32},"2":{"name":"(anonymous_2)","decl":{"start":{"line":46,"column":26},"end":{"line":46,"column":27}},"loc":{"start":{"line":50,"column":2},"end":{"line":56,"column":null}},"line":50},"3":{"name":"(anonymous_3)","decl":{"start":{"line":60,"column":26},"end":{"line":60,"column":27}},"loc":{"start":{"line":64,"column":2},"end":{"line":70,"column":null}},"line":64},"4":{"name":"(anonymous_4)","decl":{"start":{"line":77,"column":2},"end":{"line":77,"column":3}},"loc":{"start":{"line":78,"column":2},"end":{"line":82,"column":null}},"line":78},"5":{"name":"(anonymous_5)","decl":{"start":{"line":89,"column":2},"end":{"line":89,"column":3}},"loc":{"start":{"line":90,"column":2},"end":{"line":94,"column":null}},"line":90},"6":{"name":"(anonymous_6)","decl":{"start":{"line":102,"column":2},"end":{"line":102,"column":3}},"loc":{"start":{"line":103,"column":2},"end":{"line":107,"column":null}},"line":103},"7":{"name":"(anonymous_7)","decl":{"start":{"line":114,"column":2},"end":{"line":114,"column":3}},"loc":{"start":{"line":115,"column":2},"end":{"line":123,"column":null}},"line":115}},"branchMap":{},"s":{"0":0,"1":0,"2":0,"3":0,"4":0,"5":0,"6":0,"7":0,"8":0,"9":0,"10":0,"11":0,"12":0,"13":0,"14":0,"15":0,"16":0,"17":0,"18":0,"19":0,"20":0,"21":0,"22":0,"23":0,"24":0,"25":0,"26":0},"f":{"0":0,"1":0,"2":0,"3":0,"4":0,"5":0,"6":0,"7":0},"b":{},"meta":{"lastBranch":0,"lastFunction":8,"lastStatement":27,"seen":{"s:7:20:7:Infinity":0,"s:9:27:9:Infinity":1,"s:11:26:11:Infinity":2,"s:13:27:25:Infinity":3,"f:16:2:16:3":0,"s:17:2:24:Infinity":4,"s:26:0:26:Infinity":5,"s:28:27:43:Infinity":6,"f:31:2:31:3":1,"s:32:2:42:Infinity":7,"s:44:0:44:Infinity":8,"s:46:26:56:Infinity":9,"f:46:26:46:27":2,"s:50:2:56:Infinity":10,"s:58:0:58:Infinity":11,"s:60:26:70:Infinity":12,"f:60:26:60:27":3,"s:64:2:70:Infinity":13,"s:72:0:72:Infinity":14,"s:74:25:83:Infinity":15,"f:77:2:77:3":4,"s:78:2:82:Infinity":16,"s:84:0:84:Infinity":17,"s:86:31:95:Infinity":18,"f:89:2:89:3":5,"s:90:2:94:Infinity":19,"s:96:0:97:Infinity":20,"s:99:26:108:Infinity":21,"f:102:2:102:3":6,"s:103:2:107:Infinity":22,"s:109:0:109:Infinity":23,"s:111:26:124:Infinity":24,"f:114:2:114:3":7,"s:115:2:123:Infinity":25,"s:125:0:125:Infinity":26}}}
,"/Users/andresb/Projects/massively-social-ebook/massively-social-ebook-replit/client/src/components/ui/alert.tsx": {"path":"/Users/andresb/Projects/massively-social-ebook/massively-social-ebook-replit/client/src/components/ui/alert.tsx","statementMap":{"0":{"start":{"line":6,"column":6},"end":{"line":20,"column":null}},"1":{"start":{"line":22,"column":14},"end":{"line":32,"column":null}},"2":{"start":{"line":26,"column":2},"end":{"line":31,"column":null}},"3":{"start":{"line":33,"column":0},"end":{"line":33,"column":null}},"4":{"start":{"line":35,"column":19},"end":{"line":44,"column":null}},"5":{"start":{"line":39,"column":2},"end":{"line":43,"column":null}},"6":{"start":{"line":45,"column":0},"end":{"line":45,"column":null}},"7":{"start":{"line":47,"column":25},"end":{"line":56,"column":null}},"8":{"start":{"line":51,"column":2},"end":{"line":55,"column":null}},"9":{"start":{"line":57,"column":0},"end":{"line":57,"column":null}}},"fnMap":{"0":{"name":"(anonymous_0)","decl":{"start":{"line":25,"column":2},"end":{"line":25,"column":3}},"loc":{"start":{"line":26,"column":2},"end":{"line":31,"column":null}},"line":26},"1":{"name":"(anonymous_1)","decl":{"start":{"line":38,"column":2},"end":{"line":38,"column":3}},"loc":{"start":{"line":39,"column":2},"end":{"line":43,"column":null}},"line":39},"2":{"name":"(anonymous_2)","decl":{"start":{"line":50,"column":2},"end":{"line":50,"column":3}},"loc":{"start":{"line":51,"column":2},"end":{"line":55,"column":null}},"line":51}},"branchMap":{},"s":{"0":0,"1":0,"2":0,"3":0,"4":0,"5":0,"6":0,"7":0,"8":0,"9":0},"f":{"0":0,"1":0,"2":0},"b":{},"meta":{"lastBranch":0,"lastFunction":3,"lastStatement":10,"seen":{"s:6:6:20:Infinity":0,"s:22:14:32:Infinity":1,"f:25:2:25:3":0,"s:26:2:31:Infinity":2,"s:33:0:33:Infinity":3,"s:35:19:44:Infinity":4,"f:38:2:38:3":1,"s:39:2:43:Infinity":5,"s:45:0:45:Infinity":6,"s:47:25:56:Infinity":7,"f:50:2:50:3":2,"s:51:2:55:Infinity":8,"s:57:0:57:Infinity":9}}}
,"/Users/andresb/Projects/massively-social-ebook/massively-social-ebook-replit/client/src/components/ui/aspect-ratio.tsx": {"path":"/Users/andresb/Projects/massively-social-ebook/massively-social-ebook-replit/client/src/components/ui/aspect-ratio.tsx","statementMap":{"0":{"start":{"line":3,"column":20},"end":{"line":3,"column":null}}},"fnMap":{},"branchMap":{},"s":{"0":0},"f":{},"b":{},"meta":{"lastBranch":0,"lastFunction":0,"lastStatement":1,"seen":{"s:3:20:3:Infinity":0}}}
,"/Users/andresb/Projects/massively-social-ebook/massively-social-ebook-replit/client/src/components/ui/avatar.tsx": {"path":"/Users/andresb/Projects/massively-social-ebook/massively-social-ebook-replit/client/src/components/ui/avatar.tsx","statementMap":{"0":{"start":{"line":8,"column":15},"end":{"line":21,"column":null}},"1":{"start":{"line":12,"column":2},"end":{"line":20,"column":null}},"2":{"start":{"line":22,"column":0},"end":{"line":22,"column":null}},"3":{"start":{"line":24,"column":20},"end":{"line":33,"column":null}},"4":{"start":{"line":28,"column":2},"end":{"line":32,"column":null}},"5":{"start":{"line":34,"column":0},"end":{"line":34,"column":null}},"6":{"start":{"line":36,"column":23},"end":{"line":48,"column":null}},"7":{"start":{"line":40,"column":2},"end":{"line":47,"column":null}},"8":{"start":{"line":49,"column":0},"end":{"line":49,"column":null}}},"fnMap":{"0":{"name":"(anonymous_0)","decl":{"start":{"line":11,"column":2},"end":{"line":11,"column":3}},"loc":{"start":{"line":12,"column":2},"end":{"line":20,"column":null}},"line":12},"1":{"name":"(anonymous_1)","decl":{"start":{"line":27,"column":2},"end":{"line":27,"column":3}},"loc":{"start":{"line":28,"column":2},"end":{"line":32,"column":null}},"line":28},"2":{"name":"(anonymous_2)","decl":{"start":{"line":39,"column":2},"end":{"line":39,"column":3}},"loc":{"start":{"line":40,"column":2},"end":{"line":47,"column":null}},"line":40}},"branchMap":{},"s":{"0":0,"1":0,"2":0,"3":0,"4":0,"5":0,"6":0,"7":0,"8":0},"f":{"0":0,"1":0,"2":0},"b":{},"meta":{"lastBranch":0,"lastFunction":3,"lastStatement":9,"seen":{"s:8:15:21:Infinity":0,"f:11:2:11:3":0,"s:12:2:20:Infinity":1,"s:22:0:22:Infinity":2,"s:24:20:33:Infinity":3,"f:27:2:27:3":1,"s:28:2:32:Infinity":4,"s:34:0:34:Infinity":5,"s:36:23:48:Infinity":6,"f:39:2:39:3":2,"s:40:2:47:Infinity":7,"s:49:0:49:Infinity":8}}}
,"/Users/andresb/Projects/massively-social-ebook/massively-social-ebook-replit/client/src/components/ui/badge.tsx": {"path":"/Users/andresb/Projects/massively-social-ebook/massively-social-ebook-replit/client/src/components/ui/badge.tsx","statementMap":{"0":{"start":{"line":6,"column":6},"end":{"line":26,"column":null}},"1":{"start":{"line":33,"column":2},"end":{"line":34,"column":null}}},"fnMap":{"0":{"name":"Badge","decl":{"start":{"line":32,"column":9},"end":{"line":32,"column":15}},"loc":{"start":{"line":32,"column":61},"end":{"line":36,"column":null}},"line":32}},"branchMap":{},"s":{"0":0,"1":0},"f":{"0":0},"b":{},"meta":{"lastBranch":0,"lastFunction":1,"lastStatement":2,"seen":{"s:6:6:26:Infinity":0,"f:32:9:32:15":0,"s:33:2:34:Infinity":1}}}
,"/Users/andresb/Projects/massively-social-ebook/massively-social-ebook-replit/client/src/components/ui/breadcrumb.tsx": {"path":"/Users/andresb/Projects/massively-social-ebook/massively-social-ebook-replit/client/src/components/ui/breadcrumb.tsx","statementMap":{"0":{"start":{"line":7,"column":19},"end":{"line":12,"column":null}},"1":{"start":{"line":12,"column":25},"end":{"line":12,"column":77}},"2":{"start":{"line":13,"column":0},"end":{"line":13,"column":null}},"3":{"start":{"line":15,"column":23},"end":{"line":27,"column":null}},"4":{"start":{"line":19,"column":2},"end":{"line":26,"column":null}},"5":{"start":{"line":28,"column":0},"end":{"line":28,"column":null}},"6":{"start":{"line":30,"column":23},"end":{"line":39,"column":null}},"7":{"start":{"line":34,"column":2},"end":{"line":38,"column":null}},"8":{"start":{"line":40,"column":0},"end":{"line":40,"column":null}},"9":{"start":{"line":42,"column":23},"end":{"line":57,"column":null}},"10":{"start":{"line":48,"column":15},"end":{"line":48,"column":null}},"11":{"start":{"line":50,"column":2},"end":{"line":55,"column":null}},"12":{"start":{"line":58,"column":0},"end":{"line":58,"column":null}},"13":{"start":{"line":60,"column":23},"end":{"line":72,"column":null}},"14":{"start":{"line":64,"column":2},"end":{"line":71,"column":null}},"15":{"start":{"line":73,"column":0},"end":{"line":73,"column":null}},"16":{"start":{"line":75,"column":28},"end":{"line":87,"column":null}},"17":{"start":{"line":80,"column":2},"end":{"line":87,"column":null}},"18":{"start":{"line":89,"column":0},"end":{"line":89,"column":null}},"19":{"start":{"line":91,"column":27},"end":{"line":103,"column":null}},"20":{"start":{"line":95,"column":2},"end":{"line":103,"column":null}},"21":{"start":{"line":105,"column":0},"end":{"line":105,"column":null}}},"fnMap":{"0":{"name":"(anonymous_0)","decl":{"start":{"line":12,"column":2},"end":{"line":12,"column":3}},"loc":{"start":{"line":12,"column":25},"end":{"line":12,"column":77}},"line":12},"1":{"name":"(anonymous_1)","decl":{"start":{"line":18,"column":2},"end":{"line":18,"column":3}},"loc":{"start":{"line":19,"column":2},"end":{"line":26,"column":null}},"line":19},"2":{"name":"(anonymous_2)","decl":{"start":{"line":33,"column":2},"end":{"line":33,"column":3}},"loc":{"start":{"line":34,"column":2},"end":{"line":38,"column":null}},"line":34},"3":{"name":"(anonymous_3)","decl":{"start":{"line":47,"column":2},"end":{"line":47,"column":3}},"loc":{"start":{"line":47,"column":45},"end":{"line":57,"column":1}},"line":47},"4":{"name":"(anonymous_4)","decl":{"start":{"line":63,"column":2},"end":{"line":63,"column":3}},"loc":{"start":{"line":64,"column":2},"end":{"line":71,"column":null}},"line":64},"5":{"name":"(anonymous_5)","decl":{"start":{"line":75,"column":28},"end":{"line":75,"column":29}},"loc":{"start":{"line":80,"column":2},"end":{"line":87,"column":null}},"line":80},"6":{"name":"(anonymous_6)","decl":{"start":{"line":91,"column":27},"end":{"line":91,"column":28}},"loc":{"start":{"line":95,"column":2},"end":{"line":103,"column":null}},"line":95}},"branchMap":{"0":{"loc":{"start":{"line":48,"column":15},"end":{"line":48,"column":null}},"type":"cond-expr","locations":[{"start":{"line":48,"column":25},"end":{"line":48,"column":32}},{"start":{"line":48,"column":32},"end":{"line":48,"column":null}}],"line":48},"1":{"loc":{"start":{"line":86,"column":5},"end":{"line":86,"column":null}},"type":"binary-expr","locations":[{"start":{"line":86,"column":5},"end":{"line":86,"column":17}},{"start":{"line":86,"column":17},"end":{"line":86,"column":null}}],"line":86}},"s":{"0":0,"1":0,"2":0,"3":0,"4":0,"5":0,"6":0,"7":0,"8":0,"9":0,"10":0,"11":0,"12":0,"13":0,"14":0,"15":0,"16":0,"17":0,"18":0,"19":0,"20":0,"21":0},"f":{"0":0,"1":0,"2":0,"3":0,"4":0,"5":0,"6":0},"b":{"0":[0,0],"1":[0,0]},"meta":{"lastBranch":2,"lastFunction":7,"lastStatement":22,"seen":{"s:7:19:12:Infinity":0,"f:12:2:12:3":0,"s:12:25:12:77":1,"s:13:0:13:Infinity":2,"s:15:23:27:Infinity":3,"f:18:2:18:3":1,"s:19:2:26:Infinity":4,"s:28:0:28:Infinity":5,"s:30:23:39:Infinity":6,"f:33:2:33:3":2,"s:34:2:38:Infinity":7,"s:40:0:40:Infinity":8,"s:42:23:57:Infinity":9,"f:47:2:47:3":3,"s:48:15:48:Infinity":10,"b:48:25:48:32:48:32:48:Infinity":0,"s:50:2:55:Infinity":11,"s:58:0:58:Infinity":12,"s:60:23:72:Infinity":13,"f:63:2:63:3":4,"s:64:2:71:Infinity":14,"s:73:0:73:Infinity":15,"s:75:28:87:Infinity":16,"f:75:28:75:29":5,"s:80:2:87:Infinity":17,"b:86:5:86:17:86:17:86:Infinity":1,"s:89:0:89:Infinity":18,"s:91:27:103:Infinity":19,"f:91:27:91:28":6,"s:95:2:103:Infinity":20,"s:105:0:105:Infinity":21}}}
,"/Users/andresb/Projects/massively-social-ebook/massively-social-ebook-replit/client/src/components/ui/button.tsx": {"path":"/Users/andresb/Projects/massively-social-ebook/massively-social-ebook-replit/client/src/components/ui/button.tsx","statementMap":{"0":{"start":{"line":7,"column":6},"end":{"line":40,"column":null}},"1":{"start":{"line":48,"column":15},"end":{"line":59,"column":null}},"2":{"start":{"line":50,"column":17},"end":{"line":50,"column":null}},"3":{"start":{"line":51,"column":4},"end":{"line":56,"column":null}},"4":{"start":{"line":60,"column":0},"end":{"line":60,"column":null}}},"fnMap":{"0":{"name":"(anonymous_0)","decl":{"start":{"line":49,"column":2},"end":{"line":49,"column":3}},"loc":{"start":{"line":49,"column":68},"end":{"line":58,"column":null}},"line":49}},"branchMap":{"0":{"loc":{"start":{"line":49,"column":31},"end":{"line":49,"column":48}},"type":"default-arg","locations":[{"start":{"line":49,"column":41},"end":{"line":49,"column":48}}],"line":49},"1":{"loc":{"start":{"line":50,"column":17},"end":{"line":50,"column":null}},"type":"cond-expr","locations":[{"start":{"line":50,"column":27},"end":{"line":50,"column":34}},{"start":{"line":50,"column":34},"end":{"line":50,"column":null}}],"line":50}},"s":{"0":0,"1":0,"2":0,"3":0,"4":0},"f":{"0":0},"b":{"0":[0],"1":[0,0]},"meta":{"lastBranch":2,"lastFunction":1,"lastStatement":5,"seen":{"s:7:6:40:Infinity":0,"s:48:15:59:Infinity":1,"f:49:2:49:3":0,"b:49:41:49:48":0,"s:50:17:50:Infinity":2,"b:50:27:50:34:50:34:50:Infinity":1,"s:51:4:56:Infinity":3,"s:60:0:60:Infinity":4}}}
,"/Users/andresb/Projects/massively-social-ebook/massively-social-ebook-replit/client/src/components/ui/calendar.tsx": {"path":"/Users/andresb/Projects/massively-social-ebook/massively-social-ebook-replit/client/src/components/ui/calendar.tsx","statementMap":{"0":{"start":{"line":16,"column":2},"end":{"line":63,"column":null}},"1":{"start":{"line":56,"column":10},"end":{"line":56,"column":null}},"2":{"start":{"line":59,"column":10},"end":{"line":59,"column":null}},"3":{"start":{"line":66,"column":0},"end":{"line":66,"column":null}}},"fnMap":{"0":{"name":"Calendar","decl":{"start":{"line":10,"column":9},"end":{"line":10,"column":18}},"loc":{"start":{"line":15,"column":18},"end":{"line":65,"column":null}},"line":15},"1":{"name":"(anonymous_1)","decl":{"start":{"line":55,"column":18},"end":{"line":55,"column":19}},"loc":{"start":{"line":56,"column":10},"end":{"line":56,"column":null}},"line":56},"2":{"name":"(anonymous_2)","decl":{"start":{"line":58,"column":19},"end":{"line":58,"column":20}},"loc":{"start":{"line":59,"column":10},"end":{"line":59,"column":null}},"line":59}},"branchMap":{"0":{"loc":{"start":{"line":13,"column":2},"end":{"line":13,"column":null}},"type":"default-arg","locations":[{"start":{"line":13,"column":20},"end":{"line":13,"column":null}}],"line":13}},"s":{"0":0,"1":0,"2":0,"3":0},"f":{"0":0,"1":0,"2":0},"b":{"0":[0]},"meta":{"lastBranch":1,"lastFunction":3,"lastStatement":4,"seen":{"f:10:9:10:18":0,"b:13:20:13:Infinity":0,"s:16:2:63:Infinity":0,"f:55:18:55:19":1,"s:56:10:56:Infinity":1,"f:58:19:58:20":2,"s:59:10:59:Infinity":2,"s:66:0:66:Infinity":3}}}
,"/Users/andresb/Projects/massively-social-ebook/massively-social-ebook-replit/client/src/components/ui/card.tsx": {"path":"/Users/andresb/Projects/massively-social-ebook/massively-social-ebook-replit/client/src/components/ui/card.tsx","statementMap":{"0":{"start":{"line":5,"column":13},"end":{"line":17,"column":null}},"1":{"start":{"line":9,"column":2},"end":{"line":16,"column":null}},"2":{"start":{"line":18,"column":0},"end":{"line":18,"column":null}},"3":{"start":{"line":20,"column":19},"end":{"line":29,"column":null}},"4":{"start":{"line":24,"column":2},"end":{"line":28,"column":null}},"5":{"start":{"line":30,"column":0},"end":{"line":30,"column":null}},"6":{"start":{"line":32,"column":18},"end":{"line":44,"column":null}},"7":{"start":{"line":36,"column":2},"end":{"line":43,"column":null}},"8":{"start":{"line":45,"column":0},"end":{"line":45,"column":null}},"9":{"start":{"line":47,"column":24},"end":{"line":56,"column":null}},"10":{"start":{"line":51,"column":2},"end":{"line":55,"column":null}},"11":{"start":{"line":57,"column":0},"end":{"line":57,"column":null}},"12":{"start":{"line":59,"column":20},"end":{"line":64,"column":null}},"13":{"start":{"line":63,"column":2},"end":{"line":63,"column":null}},"14":{"start":{"line":65,"column":0},"end":{"line":65,"column":null}},"15":{"start":{"line":67,"column":19},"end":{"line":76,"column":null}},"16":{"start":{"line":71,"column":2},"end":{"line":75,"column":null}},"17":{"start":{"line":77,"column":0},"end":{"line":77,"column":null}}},"fnMap":{"0":{"name":"(anonymous_0)","decl":{"start":{"line":8,"column":2},"end":{"line":8,"column":3}},"loc":{"start":{"line":9,"column":2},"end":{"line":16,"column":null}},"line":9},"1":{"name":"(anonymous_1)","decl":{"start":{"line":23,"column":2},"end":{"line":23,"column":3}},"loc":{"start":{"line":24,"column":2},"end":{"line":28,"column":null}},"line":24},"2":{"name":"(anonymous_2)","decl":{"start":{"line":35,"column":2},"end":{"line":35,"column":3}},"loc":{"start":{"line":36,"column":2},"end":{"line":43,"column":null}},"line":36},"3":{"name":"(anonymous_3)","decl":{"start":{"line":50,"column":2},"end":{"line":50,"column":3}},"loc":{"start":{"line":51,"column":2},"end":{"line":55,"column":null}},"line":51},"4":{"name":"(anonymous_4)","decl":{"start":{"line":62,"column":2},"end":{"line":62,"column":3}},"loc":{"start":{"line":63,"column":2},"end":{"line":63,"column":null}},"line":63},"5":{"name":"(anonymous_5)","decl":{"start":{"line":70,"column":2},"end":{"line":70,"column":3}},"loc":{"start":{"line":71,"column":2},"end":{"line":75,"column":null}},"line":71}},"branchMap":{},"s":{"0":0,"1":0,"2":0,"3":0,"4":0,"5":0,"6":0,"7":0,"8":0,"9":0,"10":0,"11":0,"12":0,"13":0,"14":0,"15":0,"16":0,"17":0},"f":{"0":0,"1":0,"2":0,"3":0,"4":0,"5":0},"b":{},"meta":{"lastBranch":0,"lastFunction":6,"lastStatement":18,"seen":{"s:5:13:17:Infinity":0,"f:8:2:8:3":0,"s:9:2:16:Infinity":1,"s:18:0:18:Infinity":2,"s:20:19:29:Infinity":3,"f:23:2:23:3":1,"s:24:2:28:Infinity":4,"s:30:0:30:Infinity":5,"s:32:18:44:Infinity":6,"f:35:2:35:3":2,"s:36:2:43:Infinity":7,"s:45:0:45:Infinity":8,"s:47:24:56:Infinity":9,"f:50:2:50:3":3,"s:51:2:55:Infinity":10,"s:57:0:57:Infinity":11,"s:59:20:64:Infinity":12,"f:62:2:62:3":4,"s:63:2:63:Infinity":13,"s:65:0:65:Infinity":14,"s:67:19:76:Infinity":15,"f:70:2:70:3":5,"s:71:2:75:Infinity":16,"s:77:0:77:Infinity":17}}}
,"/Users/andresb/Projects/massively-social-ebook/massively-social-ebook-replit/client/src/components/ui/carousel.tsx": {"path":"/Users/andresb/Projects/massively-social-ebook/massively-social-ebook-replit/client/src/components/ui/carousel.tsx","statementMap":{"0":{"start":{"line":31,"column":24},"end":{"line":31,"column":null}},"1":{"start":{"line":34,"column":18},"end":{"line":34,"column":null}},"2":{"start":{"line":36,"column":2},"end":{"line":38,"column":null}},"3":{"start":{"line":37,"column":4},"end":{"line":37,"column":null}},"4":{"start":{"line":40,"column":2},"end":{"line":40,"column":null}},"5":{"start":{"line":43,"column":17},"end":{"line":148,"column":null}},"6":{"start":{"line":59,"column":27},"end":{"line":65,"column":null}},"7":{"start":{"line":66,"column":46},"end":{"line":66,"column":null}},"8":{"start":{"line":67,"column":46},"end":{"line":67,"column":null}},"9":{"start":{"line":69,"column":21},"end":{"line":76,"column":null}},"10":{"start":{"line":70,"column":6},"end":{"line":72,"column":null}},"11":{"start":{"line":71,"column":8},"end":{"line":71,"column":null}},"12":{"start":{"line":74,"column":6},"end":{"line":74,"column":null}},"13":{"start":{"line":75,"column":6},"end":{"line":75,"column":null}},"14":{"start":{"line":78,"column":23},"end":{"line":80,"column":null}},"15":{"start":{"line":79,"column":6},"end":{"line":79,"column":null}},"16":{"start":{"line":82,"column":23},"end":{"line":84,"column":null}},"17":{"start":{"line":83,"column":6},"end":{"line":83,"column":null}},"18":{"start":{"line":86,"column":26},"end":{"line":97,"column":null}},"19":{"start":{"line":88,"column":8},"end":{"line":94,"column":null}},"20":{"start":{"line":89,"column":10},"end":{"line":89,"column":null}},"21":{"start":{"line":90,"column":10},"end":{"line":90,"column":null}},"22":{"start":{"line":91,"column":8},"end":{"line":94,"column":null}},"23":{"start":{"line":92,"column":10},"end":{"line":92,"column":null}},"24":{"start":{"line":93,"column":10},"end":{"line":93,"column":null}},"25":{"start":{"line":99,"column":4},"end":{"line":105,"column":null}},"26":{"start":{"line":100,"column":6},"end":{"line":102,"column":null}},"27":{"start":{"line":101,"column":8},"end":{"line":101,"column":null}},"28":{"start":{"line":104,"column":6},"end":{"line":104,"column":null}},"29":{"start":{"line":107,"column":4},"end":{"line":119,"column":null}},"30":{"start":{"line":108,"column":6},"end":{"line":110,"column":null}},"31":{"start":{"line":109,"column":8},"end":{"line":109,"column":null}},"32":{"start":{"line":112,"column":6},"end":{"line":112,"column":null}},"33":{"start":{"line":113,"column":6},"end":{"line":113,"column":null}},"34":{"start":{"line":114,"column":6},"end":{"line":114,"column":null}},"35":{"start":{"line":116,"column":6},"end":{"line":118,"column":null}},"36":{"start":{"line":117,"column":8},"end":{"line":117,"column":null}},"37":{"start":{"line":121,"column":4},"end":{"line":145,"column":null}},"38":{"start":{"line":149,"column":0},"end":{"line":149,"column":null}},"39":{"start":{"line":151,"column":24},"end":{"line":170,"column":null}},"40":{"start":{"line":155,"column":39},"end":{"line":155,"column":null}},"41":{"start":{"line":157,"column":2},"end":{"line":168,"column":null}},"42":{"start":{"line":171,"column":0},"end":{"line":171,"column":null}},"43":{"start":{"line":173,"column":21},"end":{"line":192,"column":null}},"44":{"start":{"line":177,"column":26},"end":{"line":177,"column":null}},"45":{"start":{"line":179,"column":2},"end":{"line":190,"column":null}},"46":{"start":{"line":193,"column":0},"end":{"line":193,"column":null}},"47":{"start":{"line":195,"column":25},"end":{"line":221,"column":null}},"48":{"start":{"line":199,"column":53},"end":{"line":199,"column":null}},"49":{"start":{"line":201,"column":2},"end":{"line":219,"column":null}},"50":{"start":{"line":222,"column":0},"end":{"line":222,"column":null}},"51":{"start":{"line":224,"column":21},"end":{"line":250,"column":null}},"52":{"start":{"line":228,"column":53},"end":{"line":228,"column":null}},"53":{"start":{"line":230,"column":2},"end":{"line":248,"column":null}},"54":{"start":{"line":251,"column":0},"end":{"line":251,"column":null}}},"fnMap":{"0":{"name":"useCarousel","decl":{"start":{"line":33,"column":9},"end":{"line":33,"column":23}},"loc":{"start":{"line":33,"column":23},"end":{"line":41,"column":null}},"line":33},"1":{"name":"(anonymous_1)","decl":{"start":{"line":47,"column":2},"end":{"line":47,"column":null}},"loc":{"start":{"line":58,"column":7},"end":{"line":147,"column":null}},"line":58},"2":{"name":"(anonymous_2)","decl":{"start":{"line":69,"column":39},"end":{"line":69,"column":40}},"loc":{"start":{"line":69,"column":61},"end":{"line":76,"column":7}},"line":69},"3":{"name":"(anonymous_3)","decl":{"start":{"line":78,"column":41},"end":{"line":78,"column":47}},"loc":{"start":{"line":78,"column":47},"end":{"line":80,"column":7}},"line":78},"4":{"name":"(anonymous_4)","decl":{"start":{"line":82,"column":41},"end":{"line":82,"column":47}},"loc":{"start":{"line":82,"column":47},"end":{"line":84,"column":7}},"line":82},"5":{"name":"(anonymous_5)","decl":{"start":{"line":87,"column":6},"end":{"line":87,"column":7}},"loc":{"start":{"line":87,"column":54},"end":{"line":95,"column":null}},"line":87},"6":{"name":"(anonymous_6)","decl":{"start":{"line":99,"column":20},"end":{"line":99,"column":26}},"loc":{"start":{"line":99,"column":26},"end":{"line":105,"column":7}},"line":99},"7":{"name":"(anonymous_7)","decl":{"start":{"line":107,"column":20},"end":{"line":107,"column":26}},"loc":{"start":{"line":107,"column":26},"end":{"line":119,"column":7}},"line":107},"8":{"name":"(anonymous_8)","decl":{"start":{"line":116,"column":13},"end":{"line":116,"column":19}},"loc":{"start":{"line":116,"column":19},"end":{"line":118,"column":null}},"line":116},"9":{"name":"(anonymous_9)","decl":{"start":{"line":154,"column":2},"end":{"line":154,"column":3}},"loc":{"start":{"line":154,"column":36},"end":{"line":170,"column":1}},"line":154},"10":{"name":"(anonymous_10)","decl":{"start":{"line":176,"column":2},"end":{"line":176,"column":3}},"loc":{"start":{"line":176,"column":36},"end":{"line":192,"column":1}},"line":176},"11":{"name":"(anonymous_11)","decl":{"start":{"line":198,"column":2},"end":{"line":198,"column":3}},"loc":{"start":{"line":198,"column":72},"end":{"line":221,"column":1}},"line":198},"12":{"name":"(anonymous_12)","decl":{"start":{"line":227,"column":2},"end":{"line":227,"column":3}},"loc":{"start":{"line":227,"column":72},"end":{"line":250,"column":1}},"line":227}},"branchMap":{"0":{"loc":{"start":{"line":36,"column":2},"end":{"line":38,"column":null}},"type":"if","locations":[{"start":{"line":36,"column":2},"end":{"line":38,"column":null}},{"start":{},"end":{}}],"line":36},"1":{"loc":{"start":{"line":49,"column":6},"end":{"line":49,"column":null}},"type":"default-arg","locations":[{"start":{"line":49,"column":20},"end":{"line":49,"column":null}}],"line":49},"2":{"loc":{"start":{"line":62,"column":14},"end":{"line":62,"column":null}},"type":"cond-expr","locations":[{"start":{"line":62,"column":45},"end":{"line":62,"column":51}},{"start":{"line":62,"column":51},"end":{"line":62,"column":null}}],"line":62},"3":{"loc":{"start":{"line":70,"column":6},"end":{"line":72,"column":null}},"type":"if","locations":[{"start":{"line":70,"column":6},"end":{"line":72,"column":null}},{"start":{},"end":{}}],"line":70},"4":{"loc":{"start":{"line":88,"column":8},"end":{"line":94,"column":null}},"type":"if","locations":[{"start":{"line":88,"column":8},"end":{"line":94,"column":null}},{"start":{"line":91,"column":8},"end":{"line":94,"column":null}}],"line":88},"5":{"loc":{"start":{"line":91,"column":8},"end":{"line":94,"column":null}},"type":"if","locations":[{"start":{"line":91,"column":8},"end":{"line":94,"column":null}},{"start":{},"end":{}}],"line":91},"6":{"loc":{"start":{"line":100,"column":6},"end":{"line":102,"column":null}},"type":"if","locations":[{"start":{"line":100,"column":6},"end":{"line":102,"column":null}},{"start":{},"end":{}}],"line":100},"7":{"loc":{"start":{"line":100,"column":10},"end":{"line":100,"column":27}},"type":"binary-expr","locations":[{"start":{"line":100,"column":10},"end":{"line":100,"column":18}},{"start":{"line":100,"column":18},"end":{"line":100,"column":27}}],"line":100},"8":{"loc":{"start":{"line":108,"column":6},"end":{"line":110,"column":null}},"type":"if","locations":[{"start":{"line":108,"column":6},"end":{"line":110,"column":null}},{"start":{},"end":{}}],"line":108},"9":{"loc":{"start":{"line":128,"column":12},"end":{"line":128,"column":null}},"type":"binary-expr","locations":[{"start":{"line":128,"column":12},"end":{"line":128,"column":28}},{"start":{"line":128,"column":28},"end":{"line":128,"column":null}}],"line":128},"10":{"loc":{"start":{"line":128,"column":28},"end":{"line":128,"column":null}},"type":"cond-expr","locations":[{"start":{"line":128,"column":49},"end":{"line":128,"column":62}},{"start":{"line":128,"column":62},"end":{"line":128,"column":null}}],"line":128},"11":{"loc":{"start":{"line":163,"column":10},"end":{"line":163,"column":null}},"type":"cond-expr","locations":[{"start":{"line":163,"column":41},"end":{"line":163,"column":51}},{"start":{"line":163,"column":51},"end":{"line":163,"column":null}}],"line":163},"12":{"loc":{"start":{"line":186,"column":8},"end":{"line":186,"column":null}},"type":"cond-expr","locations":[{"start":{"line":186,"column":39},"end":{"line":186,"column":48}},{"start":{"line":186,"column":48},"end":{"line":186,"column":null}}],"line":186},"13":{"loc":{"start":{"line":198,"column":16},"end":{"line":198,"column":37}},"type":"default-arg","locations":[{"start":{"line":198,"column":26},"end":{"line":198,"column":37}}],"line":198},"14":{"loc":{"start":{"line":198,"column":37},"end":{"line":198,"column":52}},"type":"default-arg","locations":[{"start":{"line":198,"column":44},"end":{"line":198,"column":52}}],"line":198},"15":{"loc":{"start":{"line":208,"column":8},"end":{"line":210,"column":null}},"type":"cond-expr","locations":[{"start":{"line":209,"column":12},"end":{"line":209,"column":null}},{"start":{"line":210,"column":12},"end":{"line":210,"column":null}}],"line":208},"16":{"loc":{"start":{"line":227,"column":16},"end":{"line":227,"column":37}},"type":"default-arg","locations":[{"start":{"line":227,"column":26},"end":{"line":227,"column":37}}],"line":227},"17":{"loc":{"start":{"line":227,"column":37},"end":{"line":227,"column":52}},"type":"default-arg","locations":[{"start":{"line":227,"column":44},"end":{"line":227,"column":52}}],"line":227},"18":{"loc":{"start":{"line":237,"column":8},"end":{"line":239,"column":null}},"type":"cond-expr","locations":[{"start":{"line":238,"column":12},"end":{"line":238,"column":null}},{"start":{"line":239,"column":12},"end":{"line":239,"column":null}}],"line":237}},"s":{"0":0,"1":0,"2":0,"3":0,"4":0,"5":0,"6":0,"7":0,"8":0,"9":0,"10":0,"11":0,"12":0,"13":0,"14":0,"15":0,"16":0,"17":0,"18":0,"19":0,"20":0,"21":0,"22":0,"23":0,"24":0,"25":0,"26":0,"27":0,"28":0,"29":0,"30":0,"31":0,"32":0,"33":0,"34":0,"35":0,"36":0,"37":0,"38":0,"39":0,"40":0,"41":0,"42":0,"43":0,"44":0,"45":0,"46":0,"47":0,"48":0,"49":0,"50":0,"51":0,"52":0,"53":0,"54":0},"f":{"0":0,"1":0,"2":0,"3":0,"4":0,"5":0,"6":0,"7":0,"8":0,"9":0,"10":0,"11":0,"12":0},"b":{"0":[0,0],"1":[0],"2":[0,0],"3":[0,0],"4":[0,0],"5":[0,0],"6":[0,0],"7":[0,0],"8":[0,0],"9":[0,0],"10":[0,0],"11":[0,0],"12":[0,0],"13":[0],"14":[0],"15":[0,0],"16":[0],"17":[0],"18":[0,0]},"meta":{"lastBranch":19,"lastFunction":13,"lastStatement":55,"seen":{"s:31:24:31:Infinity":0,"f:33:9:33:23":0,"s:34:18:34:Infinity":1,"b:36:2:38:Infinity:undefined:undefined:undefined:undefined":0,"s:36:2:38:Infinity":2,"s:37:4:37:Infinity":3,"s:40:2:40:Infinity":4,"s:43:17:148:Infinity":5,"f:47:2:47:Infinity":1,"b:49:20:49:Infinity":1,"s:59:27:65:Infinity":6,"b:62:45:62:51:62:51:62:Infinity":2,"s:66:46:66:Infinity":7,"s:67:46:67:Infinity":8,"s:69:21:76:Infinity":9,"f:69:39:69:40":2,"b:70:6:72:Infinity:undefined:undefined:undefined:undefined":3,"s:70:6:72:Infinity":10,"s:71:8:71:Infinity":11,"s:74:6:74:Infinity":12,"s:75:6:75:Infinity":13,"s:78:23:80:Infinity":14,"f:78:41:78:47":3,"s:79:6:79:Infinity":15,"s:82:23:84:Infinity":16,"f:82:41:82:47":4,"s:83:6:83:Infinity":17,"s:86:26:97:Infinity":18,"f:87:6:87:7":5,"b:88:8:94:Infinity:91:8:94:Infinity":4,"s:88:8:94:Infinity":19,"s:89:10:89:Infinity":20,"s:90:10:90:Infinity":21,"b:91:8:94:Infinity:undefined:undefined:undefined:undefined":5,"s:91:8:94:Infinity":22,"s:92:10:92:Infinity":23,"s:93:10:93:Infinity":24,"s:99:4:105:Infinity":25,"f:99:20:99:26":6,"b:100:6:102:Infinity:undefined:undefined:undefined:undefined":6,"s:100:6:102:Infinity":26,"b:100:10:100:18:100:18:100:27":7,"s:101:8:101:Infinity":27,"s:104:6:104:Infinity":28,"s:107:4:119:Infinity":29,"f:107:20:107:26":7,"b:108:6:110:Infinity:undefined:undefined:undefined:undefined":8,"s:108:6:110:Infinity":30,"s:109:8:109:Infinity":31,"s:112:6:112:Infinity":32,"s:113:6:113:Infinity":33,"s:114:6:114:Infinity":34,"s:116:6:118:Infinity":35,"f:116:13:116:19":8,"s:117:8:117:Infinity":36,"s:121:4:145:Infinity":37,"b:128:12:128:28:128:28:128:Infinity":9,"b:128:49:128:62:128:62:128:Infinity":10,"s:149:0:149:Infinity":38,"s:151:24:170:Infinity":39,"f:154:2:154:3":9,"s:155:39:155:Infinity":40,"s:157:2:168:Infinity":41,"b:163:41:163:51:163:51:163:Infinity":11,"s:171:0:171:Infinity":42,"s:173:21:192:Infinity":43,"f:176:2:176:3":10,"s:177:26:177:Infinity":44,"s:179:2:190:Infinity":45,"b:186:39:186:48:186:48:186:Infinity":12,"s:193:0:193:Infinity":46,"s:195:25:221:Infinity":47,"f:198:2:198:3":11,"b:198:26:198:37":13,"b:198:44:198:52":14,"s:199:53:199:Infinity":48,"s:201:2:219:Infinity":49,"b:209:12:209:Infinity:210:12:210:Infinity":15,"s:222:0:222:Infinity":50,"s:224:21:250:Infinity":51,"f:227:2:227:3":12,"b:227:26:227:37":16,"b:227:44:227:52":17,"s:228:53:228:Infinity":52,"s:230:2:248:Infinity":53,"b:238:12:238:Infinity:239:12:239:Infinity":18,"s:251:0:251:Infinity":54}}}
,"/Users/andresb/Projects/massively-social-ebook/massively-social-ebook-replit/client/src/components/ui/chart.tsx": {"path":"/Users/andresb/Projects/massively-social-ebook/massively-social-ebook-replit/client/src/components/ui/chart.tsx","statementMap":{"0":{"start":{"line":9,"column":15},"end":{"line":9,"column":null}},"1":{"start":{"line":25,"column":21},"end":{"line":25,"column":null}},"2":{"start":{"line":28,"column":18},"end":{"line":28,"column":null}},"3":{"start":{"line":30,"column":2},"end":{"line":32,"column":null}},"4":{"start":{"line":31,"column":4},"end":{"line":31,"column":null}},"5":{"start":{"line":34,"column":2},"end":{"line":34,"column":null}},"6":{"start":{"line":37,"column":23},"end":{"line":67,"column":null}},"7":{"start":{"line":46,"column":19},"end":{"line":46,"column":null}},"8":{"start":{"line":47,"column":18},"end":{"line":47,"column":null}},"9":{"start":{"line":49,"column":2},"end":{"line":65,"column":null}},"10":{"start":{"line":68,"column":0},"end":{"line":68,"column":null}},"11":{"start":{"line":70,"column":19},"end":{"line":101,"column":null}},"12":{"start":{"line":71,"column":22},"end":{"line":73,"column":null}},"13":{"start":{"line":72,"column":20},"end":{"line":72,"column":null}},"14":{"start":{"line":75,"column":2},"end":{"line":77,"column":null}},"15":{"start":{"line":76,"column":4},"end":{"line":76,"column":null}},"16":{"start":{"line":79,"column":2},"end":{"line":99,"column":null}},"17":{"start":{"line":84,"column":33},"end":{"line":93,"column":null}},"18":{"start":{"line":89,"column":6},"end":{"line":90,"column":null}},"19":{"start":{"line":91,"column":4},"end":{"line":91,"column":null}},"20":{"start":{"line":103,"column":21},"end":{"line":103,"column":null}},"21":{"start":{"line":105,"column":28},"end":{"line":256,"column":null}},"22":{"start":{"line":134,"column":23},"end":{"line":134,"column":null}},"23":{"start":{"line":136,"column":25},"end":{"line":170,"column":null}},"24":{"start":{"line":137,"column":6},"end":{"line":139,"column":null}},"25":{"start":{"line":138,"column":8},"end":{"line":138,"column":null}},"26":{"start":{"line":141,"column":21},"end":{"line":141,"column":null}},"27":{"start":{"line":142,"column":18},"end":{"line":142,"column":null}},"28":{"start":{"line":143,"column":25},"end":{"line":143,"column":null}},"29":{"start":{"line":145,"column":8},"end":{"line":147,"column":null}},"30":{"start":{"line":149,"column":6},"end":{"line":155,"column":null}},"31":{"start":{"line":150,"column":8},"end":{"line":153,"column":null}},"32":{"start":{"line":157,"column":6},"end":{"line":159,"column":null}},"33":{"start":{"line":158,"column":8},"end":{"line":158,"column":null}},"34":{"start":{"line":161,"column":6},"end":{"line":161,"column":null}},"35":{"start":{"line":172,"column":4},"end":{"line":174,"column":null}},"36":{"start":{"line":173,"column":6},"end":{"line":173,"column":null}},"37":{"start":{"line":176,"column":22},"end":{"line":176,"column":null}},"38":{"start":{"line":178,"column":4},"end":{"line":253,"column":null}},"39":{"start":{"line":189,"column":24},"end":{"line":189,"column":null}},"40":{"start":{"line":190,"column":31},"end":{"line":190,"column":null}},"41":{"start":{"line":191,"column":35},"end":{"line":191,"column":null}},"42":{"start":{"line":193,"column":12},"end":{"line":249,"column":null}},"43":{"start":{"line":257,"column":0},"end":{"line":257,"column":null}},"44":{"start":{"line":259,"column":20},"end":{"line":259,"column":null}},"45":{"start":{"line":261,"column":27},"end":{"line":316,"column":null}},"46":{"start":{"line":273,"column":23},"end":{"line":273,"column":null}},"47":{"start":{"line":275,"column":4},"end":{"line":277,"column":null}},"48":{"start":{"line":276,"column":6},"end":{"line":276,"column":null}},"49":{"start":{"line":279,"column":4},"end":{"line":313,"column":null}},"50":{"start":{"line":289,"column":22},"end":{"line":289,"column":null}},"51":{"start":{"line":290,"column":29},"end":{"line":290,"column":null}},"52":{"start":{"line":292,"column":10},"end":{"line":310,"column":null}},"53":{"start":{"line":317,"column":0},"end":{"line":317,"column":null}},"54":{"start":{"line":325,"column":2},"end":{"line":327,"column":null}},"55":{"start":{"line":326,"column":4},"end":{"line":326,"column":null}},"56":{"start":{"line":330,"column":4},"end":{"line":334,"column":null}},"57":{"start":{"line":336,"column":31},"end":{"line":336,"column":null}},"58":{"start":{"line":338,"column":2},"end":{"line":351,"column":null}},"59":{"start":{"line":342,"column":4},"end":{"line":342,"column":null}},"60":{"start":{"line":343,"column":2},"end":{"line":351,"column":null}},"61":{"start":{"line":348,"column":4},"end":{"line":350,"column":null}},"62":{"start":{"line":353,"column":2},"end":{"line":355,"column":null}}},"fnMap":{"0":{"name":"useChart","decl":{"start":{"line":27,"column":9},"end":{"line":27,"column":20}},"loc":{"start":{"line":27,"column":20},"end":{"line":35,"column":null}},"line":27},"1":{"name":"(anonymous_1)","decl":{"start":{"line":45,"column":2},"end":{"line":45,"column":3}},"loc":{"start":{"line":45,"column":58},"end":{"line":67,"column":1}},"line":45},"2":{"name":"(anonymous_2)","decl":{"start":{"line":70,"column":19},"end":{"line":70,"column":20}},"loc":{"start":{"line":70,"column":76},"end":{"line":101,"column":null}},"line":70},"3":{"name":"(anonymous_3)","decl":{"start":{"line":72,"column":4},"end":{"line":72,"column":5}},"loc":{"start":{"line":72,"column":20},"end":{"line":72,"column":null}},"line":72},"4":{"name":"(anonymous_4)","decl":{"start":{"line":84,"column":12},"end":{"line":84,"column":13}},"loc":{"start":{"line":84,"column":33},"end":{"line":93,"column":null}},"line":84},"5":{"name":"(anonymous_5)","decl":{"start":{"line":87,"column":7},"end":{"line":87,"column":8}},"loc":{"start":{"line":87,"column":30},"end":{"line":92,"column":3}},"line":87},"6":{"name":"(anonymous_6)","decl":{"start":{"line":116,"column":2},"end":{"line":116,"column":null}},"loc":{"start":{"line":133,"column":7},"end":{"line":255,"column":null}},"line":133},"7":{"name":"(anonymous_7)","decl":{"start":{"line":136,"column":39},"end":{"line":136,"column":45}},"loc":{"start":{"line":136,"column":45},"end":{"line":162,"column":7}},"line":136},"8":{"name":"(anonymous_8)","decl":{"start":{"line":188,"column":23},"end":{"line":188,"column":24}},"loc":{"start":{"line":188,"column":40},"end":{"line":251,"column":11}},"line":188},"9":{"name":"(anonymous_9)","decl":{"start":{"line":269,"column":2},"end":{"line":269,"column":null}},"loc":{"start":{"line":272,"column":7},"end":{"line":315,"column":null}},"line":272},"10":{"name":"(anonymous_10)","decl":{"start":{"line":288,"column":21},"end":{"line":288,"column":22}},"loc":{"start":{"line":288,"column":31},"end":{"line":312,"column":9}},"line":288},"11":{"name":"getPayloadConfigFromPayload","decl":{"start":{"line":320,"column":9},"end":{"line":320,"column":null}},"loc":{"start":{"line":324,"column":2},"end":{"line":356,"column":null}},"line":324}},"branchMap":{"0":{"loc":{"start":{"line":30,"column":2},"end":{"line":32,"column":null}},"type":"if","locations":[{"start":{"line":30,"column":2},"end":{"line":32,"column":null}},{"start":{},"end":{}}],"line":30},"1":{"loc":{"start":{"line":47,"column":27},"end":{"line":47,"column":59}},"type":"binary-expr","locations":[{"start":{"line":47,"column":27},"end":{"line":47,"column":33}},{"start":{"line":47,"column":33},"end":{"line":47,"column":59}}],"line":47},"2":{"loc":{"start":{"line":72,"column":20},"end":{"line":72,"column":null}},"type":"binary-expr","locations":[{"start":{"line":72,"column":20},"end":{"line":72,"column":36}},{"start":{"line":72,"column":36},"end":{"line":72,"column":null}}],"line":72},"3":{"loc":{"start":{"line":75,"column":2},"end":{"line":77,"column":null}},"type":"if","locations":[{"start":{"line":75,"column":2},"end":{"line":77,"column":null}},{"start":{},"end":{}}],"line":75},"4":{"loc":{"start":{"line":89,"column":6},"end":{"line":90,"column":null}},"type":"binary-expr","locations":[{"start":{"line":89,"column":6},"end":{"line":89,"column":null}},{"start":{"line":90,"column":6},"end":{"line":90,"column":null}}],"line":89},"5":{"loc":{"start":{"line":91,"column":11},"end":{"line":91,"column":null}},"type":"cond-expr","locations":[{"start":{"line":91,"column":19},"end":{"line":91,"column":51}},{"start":{"line":91,"column":51},"end":{"line":91,"column":null}}],"line":91},"6":{"loc":{"start":{"line":121,"column":6},"end":{"line":121,"column":null}},"type":"default-arg","locations":[{"start":{"line":121,"column":18},"end":{"line":121,"column":null}}],"line":121},"7":{"loc":{"start":{"line":122,"column":6},"end":{"line":122,"column":null}},"type":"default-arg","locations":[{"start":{"line":122,"column":18},"end":{"line":122,"column":null}}],"line":122},"8":{"loc":{"start":{"line":123,"column":6},"end":{"line":123,"column":null}},"type":"default-arg","locations":[{"start":{"line":123,"column":22},"end":{"line":123,"column":null}}],"line":123},"9":{"loc":{"start":{"line":137,"column":6},"end":{"line":139,"column":null}},"type":"if","locations":[{"start":{"line":137,"column":6},"end":{"line":139,"column":null}},{"start":{},"end":{}}],"line":137},"10":{"loc":{"start":{"line":137,"column":10},"end":{"line":137,"column":41}},"type":"binary-expr","locations":[{"start":{"line":137,"column":10},"end":{"line":137,"column":23}},{"start":{"line":137,"column":23},"end":{"line":137,"column":41}}],"line":137},"11":{"loc":{"start":{"line":142,"column":21},"end":{"line":142,"column":71}},"type":"binary-expr","locations":[{"start":{"line":142,"column":21},"end":{"line":142,"column":33}},{"start":{"line":142,"column":33},"end":{"line":142,"column":50}},{"start":{"line":142,"column":50},"end":{"line":142,"column":64}},{"start":{"line":142,"column":64},"end":{"line":142,"column":71}}],"line":142},"12":{"loc":{"start":{"line":145,"column":8},"end":{"line":147,"column":null}},"type":"cond-expr","locations":[{"start":{"line":146,"column":12},"end":{"line":146,"column":null}},{"start":{"line":147,"column":12},"end":{"line":147,"column":null}}],"line":145},"13":{"loc":{"start":{"line":145,"column":8},"end":{"line":145,"column":null}},"type":"binary-expr","locations":[{"start":{"line":145,"column":8},"end":{"line":145,"column":21}},{"start":{"line":145,"column":21},"end":{"line":145,"column":null}}],"line":145},"14":{"loc":{"start":{"line":146,"column":12},"end":{"line":146,"column":null}},"type":"binary-expr","locations":[{"start":{"line":146,"column":12},"end":{"line":146,"column":59}},{"start":{"line":146,"column":59},"end":{"line":146,"column":null}}],"line":146},"15":{"loc":{"start":{"line":149,"column":6},"end":{"line":155,"column":null}},"type":"if","locations":[{"start":{"line":149,"column":6},"end":{"line":155,"column":null}},{"start":{},"end":{}}],"line":149},"16":{"loc":{"start":{"line":157,"column":6},"end":{"line":159,"column":null}},"type":"if","locations":[{"start":{"line":157,"column":6},"end":{"line":159,"column":null}},{"start":{},"end":{}}],"line":157},"17":{"loc":{"start":{"line":172,"column":4},"end":{"line":174,"column":null}},"type":"if","locations":[{"start":{"line":172,"column":4},"end":{"line":174,"column":null}},{"start":{},"end":{}}],"line":172},"18":{"loc":{"start":{"line":172,"column":8},"end":{"line":172,"column":37}},"type":"binary-expr","locations":[{"start":{"line":172,"column":8},"end":{"line":172,"column":19}},{"start":{"line":172,"column":19},"end":{"line":172,"column":37}}],"line":172},"19":{"loc":{"start":{"line":176,"column":22},"end":{"line":176,"column":null}},"type":"binary-expr","locations":[{"start":{"line":176,"column":22},"end":{"line":176,"column":46}},{"start":{"line":176,"column":46},"end":{"line":176,"column":null}}],"line":176},"20":{"loc":{"start":{"line":186,"column":9},"end":{"line":186,"column":null}},"type":"cond-expr","locations":[{"start":{"line":186,"column":22},"end":{"line":186,"column":37}},{"start":{"line":186,"column":37},"end":{"line":186,"column":null}}],"line":186},"21":{"loc":{"start":{"line":189,"column":27},"end":{"line":189,"column":74}},"type":"binary-expr","locations":[{"start":{"line":189,"column":27},"end":{"line":189,"column":38}},{"start":{"line":189,"column":38},"end":{"line":189,"column":51}},{"start":{"line":189,"column":51},"end":{"line":189,"column":67}},{"start":{"line":189,"column":67},"end":{"line":189,"column":74}}],"line":189},"22":{"loc":{"start":{"line":191,"column":35},"end":{"line":191,"column":null}},"type":"binary-expr","locations":[{"start":{"line":191,"column":35},"end":{"line":191,"column":44}},{"start":{"line":191,"column":44},"end":{"line":191,"column":65}},{"start":{"line":191,"column":65},"end":{"line":191,"column":null}}],"line":191},"23":{"loc":{"start":{"line":198,"column":18},"end":{"line":198,"column":null}},"type":"binary-expr","locations":[{"start":{"line":198,"column":18},"end":{"line":198,"column":41}},{"start":{"line":198,"column":41},"end":{"line":198,"column":null}}],"line":198},"24":{"loc":{"start":{"line":201,"column":17},"end":{"line":247,"column":null}},"type":"cond-expr","locations":[{"start":{"line":202,"column":18},"end":{"line":202,"column":null}},{"start":{"line":204,"column":18},"end":{"line":247,"column":null}}],"line":201},"25":{"loc":{"start":{"line":201,"column":17},"end":{"line":201,"column":null}},"type":"binary-expr","locations":[{"start":{"line":201,"column":17},"end":{"line":201,"column":30}},{"start":{"line":201,"column":30},"end":{"line":201,"column":59}},{"start":{"line":201,"column":59},"end":{"line":201,"column":null}}],"line":201},"26":{"loc":{"start":{"line":205,"column":21},"end":{"line":226,"column":null}},"type":"cond-expr","locations":[{"start":{"line":206,"column":22},"end":{"line":206,"column":null}},{"start":{"line":208,"column":22},"end":{"line":226,"column":null}}],"line":205},"27":{"loc":{"start":{"line":208,"column":22},"end":{"line":226,"column":null}},"type":"binary-expr","locations":[{"start":{"line":208,"column":22},"end":{"line":208,"column":null}},{"start":{"line":209,"column":24},"end":{"line":226,"column":null}}],"line":208},"28":{"loc":{"start":{"line":217,"column":40},"end":{"line":217,"column":null}},"type":"binary-expr","locations":[{"start":{"line":217,"column":40},"end":{"line":217,"column":53}},{"start":{"line":217,"column":53},"end":{"line":217,"column":null}}],"line":217},"29":{"loc":{"start":{"line":232,"column":24},"end":{"line":232,"column":null}},"type":"cond-expr","locations":[{"start":{"line":232,"column":36},"end":{"line":232,"column":50}},{"start":{"line":232,"column":50},"end":{"line":232,"column":null}}],"line":232},"30":{"loc":{"start":{"line":236,"column":25},"end":{"line":236,"column":null}},"type":"cond-expr","locations":[{"start":{"line":236,"column":37},"end":{"line":236,"column":52}},{"start":{"line":236,"column":52},"end":{"line":236,"column":null}}],"line":236},"31":{"loc":{"start":{"line":238,"column":27},"end":{"line":238,"column":null}},"type":"binary-expr","locations":[{"start":{"line":238,"column":27},"end":{"line":238,"column":48}},{"start":{"line":238,"column":48},"end":{"line":238,"column":null}}],"line":238},"32":{"loc":{"start":{"line":241,"column":23},"end":{"line":244,"column":null}},"type":"binary-expr","locations":[{"start":{"line":241,"column":23},"end":{"line":241,"column":null}},{"start":{"line":242,"column":24},"end":{"line":244,"column":null}}],"line":241},"33":{"loc":{"start":{"line":270,"column":17},"end":{"line":270,"column":35}},"type":"default-arg","locations":[{"start":{"line":270,"column":28},"end":{"line":270,"column":35}}],"line":270},"34":{"loc":{"start":{"line":270,"column":44},"end":{"line":270,"column":70}},"type":"default-arg","locations":[{"start":{"line":270,"column":60},"end":{"line":270,"column":70}}],"line":270},"35":{"loc":{"start":{"line":275,"column":4},"end":{"line":277,"column":null}},"type":"if","locations":[{"start":{"line":275,"column":4},"end":{"line":277,"column":null}},{"start":{},"end":{}}],"line":275},"36":{"loc":{"start":{"line":284,"column":10},"end":{"line":284,"column":null}},"type":"cond-expr","locations":[{"start":{"line":284,"column":36},"end":{"line":284,"column":45}},{"start":{"line":284,"column":45},"end":{"line":284,"column":null}}],"line":284},"37":{"loc":{"start":{"line":289,"column":25},"end":{"line":289,"column":59}},"type":"binary-expr","locations":[{"start":{"line":289,"column":25},"end":{"line":289,"column":36}},{"start":{"line":289,"column":36},"end":{"line":289,"column":52}},{"start":{"line":289,"column":52},"end":{"line":289,"column":59}}],"line":289},"38":{"loc":{"start":{"line":299,"column":15},"end":{"line":307,"column":null}},"type":"cond-expr","locations":[{"start":{"line":300,"column":16},"end":{"line":300,"column":null}},{"start":{"line":302,"column":16},"end":{"line":307,"column":null}}],"line":299},"39":{"loc":{"start":{"line":299,"column":15},"end":{"line":299,"column":null}},"type":"binary-expr","locations":[{"start":{"line":299,"column":15},"end":{"line":299,"column":35}},{"start":{"line":299,"column":35},"end":{"line":299,"column":null}}],"line":299},"40":{"loc":{"start":{"line":325,"column":2},"end":{"line":327,"column":null}},"type":"if","locations":[{"start":{"line":325,"column":2},"end":{"line":327,"column":null}},{"start":{},"end":{}}],"line":325},"41":{"loc":{"start":{"line":325,"column":6},"end":{"line":325,"column":55}},"type":"binary-expr","locations":[{"start":{"line":325,"column":6},"end":{"line":325,"column":37}},{"start":{"line":325,"column":37},"end":{"line":325,"column":55}}],"line":325},"42":{"loc":{"start":{"line":330,"column":4},"end":{"line":334,"column":null}},"type":"cond-expr","locations":[{"start":{"line":333,"column":8},"end":{"line":333,"column":null}},{"start":{"line":334,"column":8},"end":{"line":334,"column":null}}],"line":330},"43":{"loc":{"start":{"line":330,"column":4},"end":{"line":332,"column":null}},"type":"binary-expr","locations":[{"start":{"line":330,"column":4},"end":{"line":330,"column":null}},{"start":{"line":331,"column":4},"end":{"line":331,"column":null}},{"start":{"line":332,"column":4},"end":{"line":332,"column":null}}],"line":330},"44":{"loc":{"start":{"line":338,"column":2},"end":{"line":351,"column":null}},"type":"if","locations":[{"s
[...]
tart":{"line":311,"column":16},"end":{"line":311,"column":49}},"type":"binary-expr","locations":[{"start":{"line":311,"column":16},"end":{"line":311,"column":34}},{"start":{"line":311,"column":34},"end":{"line":311,"column":49}}],"line":311},"41":{"loc":{"start":{"line":313,"column":12},"end":{"line":329,"column":null}},"type":"if","locations":[{"start":{"line":313,"column":12},"end":{"line":329,"column":null}},{"start":{"line":315,"column":19},"end":{"line":329,"column":null}}],"line":313},"42":{"loc":{"start":{"line":313,"column":23},"end":{"line":313,"column":56}},"type":"binary-expr","locations":[{"start":{"line":313,"column":23},"end":{"line":313,"column":41}},{"start":{"line":313,"column":41},"end":{"line":313,"column":56}}],"line":313},"43":{"loc":{"start":{"line":316,"column":26},"end":{"line":316,"column":null}},"type":"cond-expr","locations":[{"start":{"line":316,"column":43},"end":{"line":316,"column":69}},{"start":{"line":316,"column":69},"end":{"line":316,"column":null}}],"line":316},"44":{"loc":{"start":{"line":318,"column":36},"end":{"line":318,"column":72}},"type":"binary-expr","locations":[{"start":{"line":318,"column":36},"end":{"line":318,"column":54}},{"start":{"line":318,"column":54},"end":{"line":318,"column":72}}],"line":318},"45":{"loc":{"start":{"line":318,"column":77},"end":{"line":318,"column":137}},"type":"binary-expr","locations":[{"start":{"line":318,"column":77},"end":{"line":318,"column":101}},{"start":{"line":318,"column":101},"end":{"line":318,"column":137}}],"line":318},"46":{"loc":{"start":{"line":326,"column":27},"end":{"line":326,"column":null}},"type":"binary-expr","locations":[{"start":{"line":326,"column":27},"end":{"line":326,"column":70}},{"start":{"line":326,"column":70},"end":{"line":326,"column":null}}],"line":326},"47":{"loc":{"start":{"line":356,"column":6},"end":{"line":367,"column":null}},"type":"if","locations":[{"start":{"line":356,"column":6},"end":{"line":367,"column":null}},{"start":{},"end":{}}],"line":356},"48":{"loc":{"start":{"line":361,"column":23},"end":{"line":361,"column":null}},"type":"binary-expr","locations":[{"start":{"line":361,"column":23},"end":{"line":361,"column":67}},{"start":{"line":361,"column":62},"end":{"line":361,"column":null}}],"line":361},"49":{"loc":{"start":{"line":370,"column":6},"end":{"line":381,"column":null}},"type":"if","locations":[{"start":{"line":370,"column":6},"end":{"line":381,"column":null}},{"start":{},"end":{}}],"line":370},"50":{"loc":{"start":{"line":375,"column":23},"end":{"line":375,"column":null}},"type":"binary-expr","locations":[{"start":{"line":375,"column":23},"end":{"line":375,"column":67}},{"start":{"line":375,"column":62},"end":{"line":375,"column":null}}],"line":375}},"s":{"0":1,"1":1,"2":8,"3":0,"4":8,"5":8,"6":8,"7":8,"8":8,"9":8,"10":8,"11":8,"12":8,"13":2,"14":2,"15":8,"16":0,"17":0,"18":8,"19":4,"20":4,"21":0,"22":0,"23":0,"24":0,"25":0,"26":0,"27":0,"28":0,"29":0,"30":0,"31":0,"32":0,"33":0,"34":0,"35":0,"36":0,"37":0,"38":0,"39":0,"40":0,"41":0,"42":0,"43":0,"44":0,"45":0,"46":0,"47":0,"48":0,"49":0,"50":0,"51":0,"52":0,"53":0,"54":0,"55":0,"56":0,"57":0,"58":0,"59":0,"60":0,"61":0,"62":0,"63":0,"64":0,"65":0,"66":0,"67":0,"68":0,"69":0,"70":0,"71":0,"72":0,"73":0,"74":0,"75":0,"76":0,"77":0,"78":0,"79":0,"80":0,"81":0,"82":0,"83":0,"84":0,"85":0,"86":0,"87":0,"88":0,"89":0,"90":0,"91":6,"92":12,"93":12,"94":0,"95":12,"96":5,"97":4,"98":3,"99":3,"100":3,"101":3,"102":3,"103":0,"104":3,"105":3,"106":3,"107":3,"108":3,"109":3,"110":3,"111":1,"112":3,"113":3,"114":3,"115":3,"116":0,"117":1,"118":1,"119":1,"120":1,"121":1,"122":1,"123":1,"124":1,"125":3,"126":1,"127":3,"128":1,"129":1,"130":1,"131":0,"132":1,"133":0,"134":1,"135":1,"136":1,"137":1,"138":1,"139":1,"140":1,"141":0,"142":0,"143":1,"144":1,"145":1,"146":1,"147":0,"148":0,"149":0,"150":0,"151":5,"152":5,"153":7,"154":1},"f":{"0":1,"1":8,"2":8,"3":0,"4":0,"5":0,"6":0,"7":0,"8":0,"9":0,"10":0,"11":0,"12":0,"13":0,"14":0,"15":6,"16":3,"17":3},"b":{"0":[0,8],"1":[4,4],"2":[8,0],"3":[8,0],"4":[2,2],"5":[4,4],"6":[0,0],"7":[0,0],"8":[0,0],"9":[0,0],"10":[0,0],"11":[0,0],"12":[0,0],"13":[0,0],"14":[0,0],"15":[0,0],"16":[0,0],"17":[0,0],"18":[0,0],"19":[0,0],"20":[0,0],"21":[0,0],"22":[0,0],"23":[0,0],"24":[0,0],"25":[0,0],"26":[0,0,0,0],"27":[0,0],"28":[0,12],"29":[5,7],"30":[4,1],"31":[3,1],"32":[3,0],"33":[0,3],"34":[3,3],"35":[3,3],"36":[1,1],"37":[1,0],"38":[1,0],"39":[0,1],"40":[1,1],"41":[0,1],"42":[1,0],"43":[1,0],"44":[1,1],"45":[1,1],"46":[0,0],"47":[5,0],"48":[5,4],"49":[1,6],"50":[1,0]},"meta":{"lastBranch":51,"lastFunction":18,"lastStatement":155,"seen":{"s:29:52:32:Infinity":0,"f:34:9:34:26":0,"s:35:2:35:Infinity":1,"f:38:9:38:27":1,"b:39:2:39:Infinity:undefined:undefined:undefined:undefined":0,"s:39:2:39:Infinity":2,"s:39:24:39:Infinity":3,"s:40:14:40:Infinity":4,"b:40:31:40:57:40:57:40:Infinity":1,"s:41:18:41:Infinity":5,"s:42:21:42:Infinity":6,"b:42:24:42:42:42:42:42:60":2,"b:42:65:42:89:42:89:42:125":3,"s:43:26:43:Infinity":7,"s:45:8:67:Infinity":8,"f:45:19:45:31":2,"s:46:4:66:Infinity":9,"s:47:26:47:Infinity":10,"s:49:6:54:Infinity":11,"s:50:8:50:Infinity":12,"s:52:8:52:Infinity":13,"s:53:8:53:Infinity":14,"b:53:19:53:62:53:62:53:Infinity":4,"s:55:6:55:Infinity":15,"s:57:6:57:Infinity":16,"s:59:6:65:Infinity":17,"b:69:2:73:Infinity:71:9:73:Infinity":5,"s:69:2:73:Infinity":18,"s:70:4:70:Infinity":19,"s:72:4:72:Infinity":20,"f:76:22:76:Infinity":3,"s:82:2:122:Infinity":21,"s:83:16:83:Infinity":22,"b:84:4:116:Infinity:undefined:undefined:undefined:undefined":6,"s:84:4:116:Infinity":23,"s:85:28:87:Infinity":24,"b:86:10:86:Infinity:87:10:87:Infinity":7,"s:89:6:115:Infinity":25,"s:90:28:90:Infinity":26,"s:92:8:97:Infinity":27,"s:93:10:93:Infinity":28,"s:95:10:95:Infinity":29,"s:96:10:96:Infinity":30,"b:96:21:96:64:96:64:96:Infinity":8,"s:99:8:103:Infinity":31,"s:105:8:105:Infinity":32,"s:107:8:114:Infinity":33,"s:117:4:117:Infinity":34,"s:118:4:118:Infinity":35,"s:120:4:120:Infinity":36,"s:121:4:121:Infinity":37,"s:125:2:140:Infinity":38,"f:125:35:125:42":4,"s:126:25:126:Infinity":39,"s:127:10:127:Infinity":40,"s:128:25:128:Infinity":41,"b:129:4:131:Infinity:undefined:undefined:undefined:undefined":9,"s:129:4:131:Infinity":42,"b:129:8:129:25:129:25:129:53":10,"s:130:6:130:Infinity":43,"s:133:4:139:Infinity":44,"b:135:17:135:71:135:66:135:Infinity":11,"s:142:2:151:Infinity":45,"f:142:33:142:40":5,"s:143:25:143:Infinity":46,"s:144:10:144:Infinity":47,"s:145:21:145:Infinity":48,"s:147:4:150:Infinity":49,"f:147:36:147:42":6,"s:147:42:150:6":50,"b:149:17:149:47:149:42:149:Infinity":12,"s:154:14:154:Infinity":51,"s:157:25:157:Infinity":52,"f:159:11:159:21":7,"s:160:20:160:Infinity":53,"s:161:4:165:Infinity":54,"f:161:24:161:34":8,"b:162:6:164:Infinity:undefined:undefined:undefined:undefined":13,"s:162:6:164:Infinity":55,"b:162:10:162:50:162:50:162:92":14,"s:163:8:163:Infinity":56,"s:168:2:236:Infinity":57,"f:168:23:168:24":9,"s:170:16:170:Infinity":58,"b:170:24:170:35:170:35:170:39":15,"s:171:25:171:Infinity":59,"s:172:10:172:Infinity":60,"s:173:4:173:Infinity":61,"s:175:25:175:Infinity":62,"b:178:4:189:Infinity:undefined:undefined:undefined:undefined":16,"s:178:4:189:Infinity":63,"b:178:8:178:24:178:24:178:51":17,"s:179:6:188:Infinity":64,"b:183:21:183:75:183:70:183:Infinity":18,"s:191:4:231:Infinity":65,"f:191:21:191:28":10,"s:192:6:230:Infinity":66,"s:193:24:193:Infinity":67,"s:194:33:194:Infinity":68,"b:194:33:194:59:194:59:194:Infinity":19,"s:195:19:195:Infinity":69,"b:197:8:227:Infinity:209:8:227:Infinity":20,"s:197:8:227:Infinity":70,"s:198:37:198:Infinity":71,"b:199:10:208:Infinity:undefined:undefined:undefined:undefined":21,"s:199:10:208:Infinity":72,"b:199:14:199:26:199:26:199:32":22,"s:200:27:200:Infinity":73,"s:201:12:207:Infinity":74,"b:205:27:205:62:205:57:205:Infinity":23,"b:209:8:227:Infinity:undefined:undefined:undefined:undefined":24,"s:209:8:227:Infinity":75,"s:210:37:210:Infinity":76,"b:211:10:226:Infinity:undefined:undefined:undefined:undefined":25,"s:211:10:226:Infinity":77,"b:211:14:211:46:211:46:211:66:211:66:211:84:211:84:211:101":26,"s:212:12:217:Infinity":78,"b:215:22:215:32:215:32:215:Infinity":27,"s:219:26:219:Infinity":79,"s:220:27:220:Infinity":80,"f:220:40:220:45":11,"s:220:45:220:61":81,"s:221:27:221:Infinity":82,"f:221:40:221:45":12,"s:221:45:221:61":83,"s:222:12:225:Infinity":84,"s:229:8:229:Infinity":85,"s:233:4:235:Infinity":86,"f:233:19:233:25":13,"s:234:6:234:Infinity":87,"s:239:2:241:Infinity":88,"f:239:14:239:26":14,"s:240:4:240:Infinity":89,"s:243:2:243:Infinity":90,"f:246:22:246:41":15,"s:247:2:383:Infinity":91,"s:248:15:248:Infinity":92,"b:249:4:249:Infinity:undefined:undefined:undefined:undefined":28,"s:249:4:249:Infinity":93,"s:249:13:249:Infinity":94,"b:251:4:382:Infinity:368:11:382:Infinity":29,"s:251:4:382:Infinity":95,"b:252:6:354:Infinity:296:13:354:Infinity":30,"s:252:6:354:Infinity":96,"b:253:8:295:Infinity:291:15:295:Infinity":31,"s:253:8:295:Infinity":97,"s:255:10:255:Infinity":98,"s:256:10:256:Infinity":99,"b:259:10:290:Infinity:undefined:undefined:undefined:undefined":32,"s:259:10:290:Infinity":100,"s:260:12:289:Infinity":101,"b:262:14:278:Infinity:264:21:278:Infinity":33,"s:262:14:278:Infinity":102,"s:263:16:263:Infinity":103,"s:266:28:266:Infinity":104,"s:267:32:267:Infinity":105,"s:268:35:268:Infinity":106,"b:268:38:268:56:268:56:268:66":34,"b:268:71:268:95:268:95:268:119":35,"s:269:40:269:Infinity":107,"s:270:36:270:Infinity":108,"s:272:16:276:Infinity":109,"s:273:18:273:Infinity":110,"s:275:18:275:Infinity":111,"b:275:29:275:72:275:72:275:Infinity":36,"s:277:16:277:Infinity":112,"s:280:14:283:Infinity":113,"s:285:14:285:Infinity":114,"s:286:14:286:Infinity":115,"s:288:14:288:Infinity":116,"s:293:10:293:Infinity":117,"s:294:10:294:Infinity":118,"s:298:8:298:Infinity":119,"s:299:8:299:Infinity":120,"s:300:8:300:Infinity":121,"b:302:8:353:Infinity:undefined:undefined:undefined:undefined":37,"s:302:8:353:Infinity":122,"s:303:24:303:Infinity":123,"s:304:25:304:Infinity":124,"f:304:38:304:43":16,"s:304:43:304:59":125,"s:305:25:305:Infinity":126,"f:305:38:305:43":17,"s:305:43:305:59":127,"s:307:25:307:Infinity":128,"b:307:44:307:50:307:50:307:Infinity":38,"s:309:10:352:Infinity":129,"b:311:12:329:Infinity:313:12:329:Infinity":39,"s:311:12:329:Infinity":130,"b:311:16:311:34:311:34:311:49":40,"s:312:14:312:Infinity":131,"b:313:12:329:Infinity:315:19:329:Infinity":41,"s:313:12:329:Infinity":132,"b:313:23:313:41:313:41:313:56":42,"s:314:14:314:Infinity":133,"s:316:26:316:Infinity":134,"b:316:43:316:69:316:69:316:Infinity":43,"s:317:30:317:Infinity":135,"s:318:33:318:Infinity":136,"b:318:36:318:54:318:54:318:72":44,"b:318:77:318:101:318:101:318:137":45,"s:319:38:319:Infinity":137,"s:320:34:320:Infinity":138,"s:322:14:327:Infinity":139,"s:323:16:323:Infinity":140,"s:325:16:325:Infinity":141,"s:326:16:326:Infinity":142,"b:326:27:326:70:326:70:326:Infinity":46,"s:328:14:328:Infinity":143,"s:331:12:334:Infinity":144,"s:336:12:336:Infinity":145,"s:337:12:337:Infinity":146,"s:339:12:339:Infinity":147,"s:341:12:348:Infinity":148,"s:350:12:350:Infinity":149,"s:351:12:351:Infinity":150,"b:356:6:367:Infinity:undefined:undefined:undefined:undefined":47,"s:356:6:367:Infinity":151,"s:357:8:366:Infinity":152,"b:361:23:361:67:361:62:361:Infinity":48,"b:370:6:381:Infinity:undefined:undefined:undefined:undefined":49,"s:370:6:381:Infinity":153,"s:371:8:380:Infinity":154,"b:375:23:375:67:375:62:375:Infinity":50}}}
,"/Users/andresb/Projects/massively-social-ebook/massively-social-ebook-replit/server/static.ts": {"path":"/Users/andresb/Projects/massively-social-ebook/massively-social-ebook-replit/server/static.ts","statementMap":{"0":{"start":{"line":6,"column":19},"end":{"line":6,"column":null}},"1":{"start":{"line":7,"column":2},"end":{"line":11,"column":null}},"2":{"start":{"line":8,"column":4},"end":{"line":10,"column":null}},"3":{"start":{"line":13,"column":2},"end":{"line":13,"column":null}},"4":{"start":{"line":16,"column":2},"end":{"line":18,"column":null}},"5":{"start":{"line":17,"column":4},"end":{"line":17,"column":null}}},"fnMap":{"0":{"name":"serveStatic","decl":{"start":{"line":5,"column":16},"end":{"line":5,"column":28}},"loc":{"start":{"line":5,"column":42},"end":{"line":19,"column":null}},"line":5},"1":{"name":"(anonymous_1)","decl":{"start":{"line":16,"column":22},"end":{"line":16,"column":23}},"loc":{"start":{"line":16,"column":37},"end":{"line":18,"column":3}},"line":16}},"branchMap":{"0":{"loc":{"start":{"line":7,"column":2},"end":{"line":11,"column":null}},"type":"if","locations":[{"start":{"line":7,"column":2},"end":{"line":11,"column":null}},{"start":{},"end":{}}],"line":7}},"s":{"0":0,"1":0,"2":0,"3":0,"4":0,"5":0},"f":{"0":0,"1":0},"b":{"0":[0,0]},"meta":{"lastBranch":1,"lastFunction":2,"lastStatement":6,"seen":{"f:5:16:5:28":0,"s:6:19:6:Infinity":0,"b:7:2:11:Infinity:undefined:undefined:undefined:undefined":0,"s:7:2:11:Infinity":1,"s:8:4:10:Infinity":2,"s:13:2:13:Infinity":3,"s:16:2:18:Infinity":4,"f:16:22:16:23":1,"s:17:4:17:Infinity":5}}}
,"/Users/andresb/Projects/massively-social-ebook/massively-social-ebook-replit/server/storage.ts": {"path":"/Users/andresb/Projects/massively-social-ebook/massively-social-ebook-replit/server/storage.ts","statementMap":{"0":{"start":{"line":24,"column":20},"end":{"line":24,"column":null}},"1":{"start":{"line":25,"column":4},"end":{"line":25,"column":null}},"2":{"start":{"line":28,"column":23},"end":{"line":28,"column":null}},"3":{"start":{"line":29,"column":4},"end":{"line":29,"column":null}},"4":{"start":{"line":32,"column":4},"end":{"line":32,"column":null}},"5":{"start":{"line":35,"column":22},"end":{"line":35,"column":null}},"6":{"start":{"line":36,"column":4},"end":{"line":36,"column":null}},"7":{"start":{"line":40,"column":4},"end":{"line":40,"column":null}},"8":{"start":{"line":43,"column":21},"end":{"line":43,"column":null}},"9":{"start":{"line":44,"column":4},"end":{"line":44,"column":null}},"10":{"start":{"line":47,"column":26},"end":{"line":50,"column":null}},"11":{"start":{"line":52,"column":24},"end":{"line":52,"column":null}},"12":{"start":{"line":52,"column":47},"end":{"line":52,"column":57}},"13":{"start":{"line":52,"column":90},"end":{"line":52,"column":95}},"14":{"start":{"line":53,"column":4},"end":{"line":53,"column":null}},"15":{"start":{"line":53,"column":34},"end":{"line":53,"column":null}},"16":{"start":{"line":55,"column":4},"end":{"line":55,"column":null}},"17":{"start":{"line":58,"column":23},"end":{"line":58,"column":null}}},"fnMap":{"0":{"name":"(anonymous_0)","decl":{"start":{"line":23,"column":8},"end":{"line":23,"column":24}},"loc":{"start":{"line":23,"column":71},"end":{"line":26,"column":null}},"line":23},"1":{"name":"(anonymous_1)","decl":{"start":{"line":27,"column":8},"end":{"line":27,"column":20}},"loc":{"start":{"line":27,"column":56},"end":{"line":30,"column":null}},"line":27},"2":{"name":"(anonymous_2)","decl":{"start":{"line":31,"column":8},"end":{"line":31,"column":25}},"loc":{"start":{"line":31,"column":59},"end":{"line":33,"column":null}},"line":31},"3":{"name":"(anonymous_3)","decl":{"start":{"line":34,"column":8},"end":{"line":34,"column":19}},"loc":{"start":{"line":34,"column":52},"end":{"line":37,"column":null}},"line":34},"4":{"name":"(anonymous_4)","decl":{"start":{"line":39,"column":8},"end":{"line":39,"column":22}},"loc":{"start":{"line":39,"column":85},"end":{"line":41,"column":null}},"line":39},"5":{"name":"(anonymous_5)","decl":{"start":{"line":42,"column":8},"end":{"line":42,"column":19}},"loc":{"start":{"line":42,"column":58},"end":{"line":45,"column":null}},"line":42},"6":{"name":"(anonymous_6)","decl":{"start":{"line":46,"column":8},"end":{"line":46,"column":23}},"loc":{"start":{"line":46,"column":66},"end":{"line":56,"column":null}},"line":46},"7":{"name":"(anonymous_7)","decl":{"start":{"line":52,"column":42},"end":{"line":52,"column":47}},"loc":{"start":{"line":52,"column":47},"end":{"line":52,"column":57}},"line":52},"8":{"name":"(anonymous_8)","decl":{"start":{"line":52,"column":66},"end":{"line":52,"column":67}},"loc":{"start":{"line":52,"column":90},"end":{"line":52,"column":95}},"line":52}},"branchMap":{"0":{"loc":{"start":{"line":39,"column":41},"end":{"line":39,"column":85}},"type":"default-arg","locations":[{"start":{"line":39,"column":57},"end":{"line":39,"column":85}}],"line":39},"1":{"loc":{"start":{"line":53,"column":4},"end":{"line":53,"column":null}},"type":"if","locations":[{"start":{"line":53,"column":4},"end":{"line":53,"column":null}},{"start":{},"end":{}}],"line":53}},"s":{"0":0,"1":0,"2":0,"3":0,"4":0,"5":0,"6":0,"7":0,"8":0,"9":0,"10":2,"11":2,"12":3,"13":3,"14":2,"15":1,"16":1,"17":1},"f":{"0":0,"1":0,"2":0,"3":0,"4":0,"5":0,"6":2,"7":3,"8":3},"b":{"0":[0],"1":[1,1]},"meta":{"lastBranch":2,"lastFunction":9,"lastStatement":18,"seen":{"f:23:8:23:24":0,"s:24:20:24:Infinity":0,"s:25:4:25:Infinity":1,"f:27:8:27:20":1,"s:28:23:28:Infinity":2,"s:29:4:29:Infinity":3,"f:31:8:31:25":2,"s:32:4:32:Infinity":4,"f:34:8:34:19":3,"s:35:22:35:Infinity":5,"s:36:4:36:Infinity":6,"f:39:8:39:22":4,"b:39:57:39:85":0,"s:40:4:40:Infinity":7,"f:42:8:42:19":5,"s:43:21:43:Infinity":8,"s:44:4:44:Infinity":9,"f:46:8:46:23":6,"s:47:26:50:Infinity":10,"s:52:24:52:Infinity":11,"f:52:42:52:47":7,"s:52:47:52:57":12,"f:52:66:52:67":8,"s:52:90:52:95":13,"b:53:4:53:Infinity:undefined:undefined:undefined:undefined":1,"s:53:4:53:Infinity":14,"s:53:34:53:Infinity":15,"s:55:4:55:Infinity":16,"s:58:23:58:Infinity":17}}}
,"/Users/andresb/Projects/massively-social-ebook/massively-social-ebook-replit/server/vite.ts": {"path":"/Users/andresb/Projects/massively-social-ebook/massively-social-ebook-replit/server/vite.ts","statementMap":{"0":{"start":{"line":9,"column":6},"end":{"line":9,"column":null}},"1":{"start":{"line":12,"column":24},"end":{"line":16,"column":null}},"2":{"start":{"line":18,"column":15},"end":{"line":30,"column":null}},"3":{"start":{"line":24,"column":8},"end":{"line":24,"column":null}},"4":{"start":{"line":25,"column":8},"end":{"line":25,"column":null}},"5":{"start":{"line":32,"column":2},"end":{"line":32,"column":null}},"6":{"start":{"line":34,"column":2},"end":{"line":57,"column":null}},"7":{"start":{"line":35,"column":16},"end":{"line":35,"column":null}},"8":{"start":{"line":37,"column":4},"end":{"line":56,"column":null}},"9":{"start":{"line":38,"column":29},"end":{"line":43,"column":null}},"10":{"start":{"line":46,"column":21},"end":{"line":46,"column":null}},"11":{"start":{"line":47,"column":6},"end":{"line":50,"column":null}},"12":{"start":{"line":51,"column":19},"end":{"line":51,"column":null}},"13":{"start":{"line":52,"column":6},"end":{"line":52,"column":null}},"14":{"start":{"line":54,"column":6},"end":{"line":54,"column":null}},"15":{"start":{"line":55,"column":6},"end":{"line":55,"column":null}}},"fnMap":{"0":{"name":"setupVite","decl":{"start":{"line":11,"column":22},"end":{"line":11,"column":32}},"loc":{"start":{"line":11,"column":62},"end":{"line":58,"column":null}},"line":11},"1":{"name":"(anonymous_1)","decl":{"start":{"line":23,"column":13},"end":{"line":23,"column":14}},"loc":{"start":{"line":23,"column":31},"end":{"line":26,"column":null}},"line":23},"2":{"name":"(anonymous_2)","decl":{"start":{"line":34,"column":22},"end":{"line":34,"column":29}},"loc":{"start":{"line":34,"column":48},"end":{"line":57,"column":3}},"line":34}},"branchMap":{},"s":{"0":0,"1":0,"2":0,"3":0,"4":0,"5":0,"6":0,"7":0,"8":0,"9":0,"10":0,"11":0,"12":0,"13":0,"14":0,"15":0},"f":{"0":0,"1":0,"2":0},"b":{},"meta":{"lastBranch":0,"lastFunction":3,"lastStatement":16,"seen":{"s:9:6:9:Infinity":0,"f:11:22:11:32":0,"s:12:24:16:Infinity":1,"s:18:15:30:Infinity":2,"f:23:13:23:14":1,"s:24:8:24:Infinity":3,"s:25:8:25:Infinity":4,"s:32:2:32:Infinity":5,"s:34:2:57:Infinity":6,"f:34:22:34:29":2,"s:35:16:35:Infinity":7,"s:37:4:56:Infinity":8,"s:38:29:43:Infinity":9,"s:46:21:46:Infinity":10,"s:47:6:50:Infinity":11,"s:51:19:51:Infinity":12,"s:52:6:52:Infinity":13,"s:54:6:54:Infinity":14,"s:55:6:55:Infinity":15}}}
}
