{"/Users/andresb/Projects/massively-social-ebook/massively-social-ebook-replit/prompts/generate-block.ts": {"path":"/Users/andresb/Projects/massively-social-ebook/massively-social-ebook-replit/prompts/generate-block.ts","statementMap":{"0":{"start":{"line":1,"column":41},"end":{"line":5,"column":null}},"1":{"start":{"line":2,"column":4},"end":{"line":4,"column":null}}},"fnMap":{"0":{"name":"(anonymous_0)","decl":{"start":{"line":1,"column":41},"end":{"line":1,"column":42}},"loc":{"start":{"line":1,"column":82},"end":{"line":5,"column":null}},"line":1}},"branchMap":{},"s":{"0":1,"1":2},"f":{"0":2},"b":{},"meta":{"lastBranch":0,"lastFunction":1,"lastStatement":2,"seen":{"s:1:41:5:Infinity":0,"f:1:41:1:42":0,"s:2:4:4:Infinity":1}}}
,"/Users/andresb/Projects/massively-social-ebook/massively-social-ebook-replit/prompts/generate-image.ts": {"path":"/Users/andresb/Projects/massively-social-ebook/massively-social-ebook-replit/prompts/generate-image.ts","statementMap":{"0":{"start":{"line":1,"column":29},"end":{"line":1,"column":null}},"1":{"start":{"line":1,"column":76},"end":{"line":1,"column":null}}},"fnMap":{"0":{"name":"(anonymous_0)","decl":{"start":{"line":1,"column":29},"end":{"line":1,"column":30}},"loc":{"start":{"line":1,"column":76},"end":{"line":1,"column":null}},"line":1}},"branchMap":{},"s":{"0":1,"1":2},"f":{"0":2},"b":{},"meta":{"lastBranch":0,"lastFunction":1,"lastStatement":2,"seen":{"s:1:29:1:Infinity":0,"f:1:29:1:30":0,"s:1:76:1:Infinity":1}}}
,"/Users/andresb/Projects/massively-social-ebook/massively-social-ebook-replit/server/ai.ts": {"path":"/Users/andresb/Projects/massively-social-ebook/massively-social-ebook-replit/server/ai.ts","statementMap":{"0":{"start":{"line":8,"column":18},"end":{"line":8,"column":null}},"1":{"start":{"line":11,"column":23},"end":{"line":14,"column":null}},"2":{"start":{"line":24,"column":8},"end":{"line":24,"column":null}},"3":{"start":{"line":26,"column":33},"end":{"line":49,"column":null}},"4":{"start":{"line":51,"column":19},"end":{"line":58,"column":null}},"5":{"start":{"line":60,"column":2},"end":{"line":62,"column":null}},"6":{"start":{"line":61,"column":4},"end":{"line":61,"column":null}},"7":{"start":{"line":64,"column":2},"end":{"line":64,"column":null}},"8":{"start":{"line":68,"column":8},"end":{"line":68,"column":null}},"9":{"start":{"line":70,"column":19},"end":{"line":78,"column":null}},"10":{"start":{"line":80,"column":22},"end":{"line":80,"column":null}},"11":{"start":{"line":82,"column":2},"end":{"line":84,"column":null}},"12":{"start":{"line":83,"column":4},"end":{"line":83,"column":null}},"13":{"start":{"line":86,"column":19},"end":{"line":86,"column":null}},"14":{"start":{"line":87,"column":19},"end":{"line":87,"column":null}},"15":{"start":{"line":90,"column":2},"end":{"line":90,"column":null}},"16":{"start":{"line":93,"column":2},"end":{"line":93,"column":null}},"17":{"start":{"line":96,"column":2},"end":{"line":96,"column":null}}},"fnMap":{"0":{"name":"generateStoryBlock","decl":{"start":{"line":23,"column":22},"end":{"line":23,"column":41}},"loc":{"start":{"line":23,"column":112},"end":{"line":65,"column":null}},"line":23},"1":{"name":"generateStoryImage","decl":{"start":{"line":67,"column":22},"end":{"line":67,"column":41}},"loc":{"start":{"line":67,"column":79},"end":{"line":97,"column":null}},"line":67}},"branchMap":{"0":{"loc":{"start":{"line":60,"column":2},"end":{"line":62,"column":null}},"type":"if","locations":[{"start":{"line":60,"column":2},"end":{"line":62,"column":null}},{"start":{},"end":{}}],"line":60},"1":{"loc":{"start":{"line":82,"column":2},"end":{"line":84,"column":null}},"type":"if","locations":[{"start":{"line":82,"column":2},"end":{"line":84,"column":null}},{"start":{},"end":{}}],"line":82}},"s":{"0":1,"1":1,"2":2,"3":2,"4":2,"5":2,"6":1,"7":1,"8":2,"9":2,"10":2,"11":2,"12":1,"13":1,"14":1,"15":1,"16":1,"17":1},"f":{"0":2,"1":2},"b":{"0":[1,1],"1":[1,1]},"meta":{"lastBranch":2,"lastFunction":2,"lastStatement":18,"seen":{"s:8:18:8:Infinity":0,"s:11:23:14:Infinity":1,"f:23:22:23:41":0,"s:24:8:24:Infinity":2,"s:26:33:49:Infinity":3,"s:51:19:58:Infinity":4,"b:60:2:62:Infinity:undefined:undefined:undefined:undefined":0,"s:60:2:62:Infinity":5,"s:61:4:61:Infinity":6,"s:64:2:64:Infinity":7,"f:67:22:67:41":1,"s:68:8:68:Infinity":8,"s:70:19:78:Infinity":9,"s:80:22:80:Infinity":10,"b:82:2:84:Infinity:undefined:undefined:undefined:undefined":1,"s:82:2:84:Infinity":11,"s:83:4:83:Infinity":12,"s:86:19:86:Infinity":13,"s:87:19:87:Infinity":14,"s:90:2:90:Infinity":15,"s:93:2:93:Infinity":16,"s:96:2:96:Infinity":17}}}
}
